<?xml version="1.0" encoding="UTF-8"?>
<coverage generated="1780313813996" clover="3.2.0">
  <project timestamp="1780313813996" name="All files">
    <metrics statements="225" coveredstatements="224" conditionals="76" coveredconditionals="69" methods="91" coveredmethods="91" elements="392" coveredelements="384" complexity="0" loc="225" ncloc="225" packages="10" files="24" classes="24"/>
    <package name="application.stores">
      <metrics statements="24" coveredstatements="24" conditionals="6" coveredconditionals="3" methods="12" coveredmethods="12"/>
      <file name="use-alert-store.ts" path="/home/jo/projects/uni/year3/gs1/mobile/gs/src/application/stores/use-alert-store.ts">
        <metrics statements="16" coveredstatements="16" conditionals="6" coveredconditionals="3" methods="8" coveredmethods="8"/>
        <line num="19" count="1" type="stmt"/>
        <line num="25" count="4" type="stmt"/>
        <line num="26" count="4" type="stmt"/>
        <line num="30" count="1" type="stmt"/>
        <line num="31" count="1" type="stmt"/>
        <line num="35" count="3" type="stmt"/>
        <line num="36" count="3" type="stmt"/>
        <line num="37" count="3" type="cond" truecount="1" falsecount="1"/>
        <line num="38" count="3" type="cond" truecount="1" falsecount="1"/>
        <line num="39" count="3" type="stmt"/>
        <line num="43" count="1" type="stmt"/>
        <line num="44" count="1" type="cond" truecount="1" falsecount="1"/>
        <line num="45" count="1" type="stmt"/>
        <line num="46" count="1" type="stmt"/>
        <line num="50" count="1" type="stmt"/>
        <line num="54" count="5" type="stmt"/>
      </file>
      <file name="use-orbital-store.ts" path="/home/jo/projects/uni/year3/gs1/mobile/gs/src/application/stores/use-orbital-store.ts">
        <metrics statements="8" coveredstatements="8" conditionals="0" coveredconditionals="0" methods="4" coveredmethods="4"/>
        <line num="15" count="1" type="stmt"/>
        <line num="21" count="3" type="stmt"/>
        <line num="22" count="3" type="stmt"/>
        <line num="23" count="3" type="stmt"/>
        <line num="27" count="1" type="stmt"/>
        <line num="28" count="1" type="stmt"/>
        <line num="29" count="1" type="stmt"/>
        <line num="33" count="3" type="stmt"/>
      </file>
    </package>
    <package name="domain.entities">
      <metrics statements="10" coveredstatements="10" conditionals="4" coveredconditionals="4" methods="10" coveredmethods="10"/>
      <file name="conjunction-event.ts" path="/home/jo/projects/uni/year3/gs1/mobile/gs/src/domain/entities/conjunction-event.ts">
        <metrics statements="3" coveredstatements="3" conditionals="2" coveredconditionals="2" methods="3" coveredmethods="3"/>
        <line num="14" count="39" type="cond" truecount="2" falsecount="0"/>
        <line num="24" count="39" type="stmt"/>
        <line num="34" count="2" type="stmt"/>
      </file>
      <file name="orbital-alert.ts" path="/home/jo/projects/uni/year3/gs1/mobile/gs/src/domain/entities/orbital-alert.ts">
        <metrics statements="4" coveredstatements="4" conditionals="0" coveredconditionals="0" methods="5" coveredmethods="5"/>
        <line num="14" count="21" type="stmt"/>
        <line num="28" count="4" type="stmt"/>
        <line num="32" count="10" type="stmt"/>
        <line num="36" count="2" type="stmt"/>
      </file>
      <file name="satellite-object.ts" path="/home/jo/projects/uni/year3/gs1/mobile/gs/src/domain/entities/satellite-object.ts">
        <metrics statements="3" coveredstatements="3" conditionals="2" coveredconditionals="2" methods="2" coveredmethods="2"/>
        <line num="23" count="318" type="cond" truecount="2" falsecount="0"/>
        <line num="24" count="2" type="stmt"/>
        <line num="26" count="316" type="stmt"/>
      </file>
    </package>
    <package name="domain.usecases">
      <metrics statements="51" coveredstatements="51" conditionals="16" coveredconditionals="15" methods="11" coveredmethods="11"/>
      <file name="acknowledge-alert.ts" path="/home/jo/projects/uni/year3/gs1/mobile/gs/src/domain/usecases/acknowledge-alert.ts">
        <metrics statements="4" coveredstatements="4" conditionals="0" coveredconditionals="0" methods="2" coveredmethods="2"/>
        <line num="12" count="4" type="stmt"/>
        <line num="13" count="4" type="stmt"/>
        <line num="14" count="4" type="stmt"/>
        <line num="15" count="4" type="stmt"/>
      </file>
      <file name="classify-risk.ts" path="/home/jo/projects/uni/year3/gs1/mobile/gs/src/domain/usecases/classify-risk.ts">
        <metrics statements="2" coveredstatements="2" conditionals="2" coveredconditionals="2" methods="1" coveredmethods="1"/>
        <line num="5" count="7" type="cond" truecount="2" falsecount="0"/>
        <line num="6" count="5" type="stmt"/>
      </file>
      <file name="detect-conjunctions.ts" path="/home/jo/projects/uni/year3/gs1/mobile/gs/src/domain/usecases/detect-conjunctions.ts">
        <metrics statements="39" coveredstatements="39" conditionals="12" coveredconditionals="11" methods="6" coveredmethods="6"/>
        <line num="10" count="1" type="stmt"/>
        <line num="11" count="1" type="stmt"/>
        <line num="13" count="1" type="stmt"/>
        <line num="20" count="39" type="stmt"/>
        <line num="24" count="13" type="stmt"/>
        <line num="25" count="13" type="stmt"/>
        <line num="26" count="13" type="stmt"/>
        <line num="27" count="13" type="stmt"/>
        <line num="28" count="13" type="stmt"/>
        <line num="31" count="13" type="stmt"/>
        <line num="34" count="13" type="stmt"/>
        <line num="36" count="13" type="stmt"/>
        <line num="41" count="9" type="stmt"/>
        <line num="42" count="9" type="cond" truecount="2" falsecount="0"/>
        <line num="43" count="4" type="cond" truecount="1" falsecount="1"/>
        <line num="44" count="4" type="stmt"/>
        <line num="48" count="9" type="stmt"/>
        <line num="49" count="9" type="stmt"/>
        <line num="57" count="8" type="cond" truecount="2" falsecount="0"/>
        <line num="59" count="6" type="stmt"/>
        <line num="60" count="6" type="stmt"/>
        <line num="61" count="15" type="stmt"/>
        <line num="64" count="6" type="stmt"/>
        <line num="66" count="6" type="stmt"/>
        <line num="67" count="9" type="stmt"/>
        <line num="68" count="13" type="stmt"/>
        <line num="69" count="13" type="stmt"/>
        <line num="70" count="13" type="stmt"/>
        <line num="72" count="13" type="cond" truecount="2" falsecount="0"/>
        <line num="74" count="10" type="stmt"/>
        <line num="75" count="10" type="stmt"/>
        <line num="76" count="10" type="cond" truecount="4" falsecount="0"/>
        <line num="78" count="9" type="stmt"/>
        <line num="79" count="9" type="stmt"/>
        <line num="80" count="9" type="stmt"/>
        <line num="81" count="9" type="stmt"/>
        <line num="83" count="9" type="stmt"/>
        <line num="89" count="6" type="stmt"/>
        <line num="90" count="9" type="stmt"/>
      </file>
      <file name="propagate-orbits.ts" path="/home/jo/projects/uni/year3/gs1/mobile/gs/src/domain/usecases/propagate-orbits.ts">
        <metrics statements="6" coveredstatements="6" conditionals="2" coveredconditionals="2" methods="2" coveredmethods="2"/>
        <line num="16" count="5" type="stmt"/>
        <line num="18" count="5" type="stmt"/>
        <line num="19" count="6" type="stmt"/>
        <line num="20" count="6" type="cond" truecount="2" falsecount="0"/>
        <line num="21" count="2" type="stmt"/>
        <line num="25" count="5" type="stmt"/>
      </file>
    </package>
    <package name="domain.value-objects">
      <metrics statements="47" coveredstatements="47" conditionals="24" coveredconditionals="23" methods="23" coveredmethods="23"/>
      <file name="miss-distance.ts" path="/home/jo/projects/uni/year3/gs1/mobile/gs/src/domain/value-objects/miss-distance.ts">
        <metrics statements="6" coveredstatements="6" conditionals="4" coveredconditionals="4" methods="5" coveredmethods="5"/>
        <line num="5" count="58" type="cond" truecount="2" falsecount="0"/>
        <line num="6" count="57" type="stmt"/>
        <line num="10" count="2" type="stmt"/>
        <line num="14" count="48" type="stmt"/>
        <line num="18" count="5" type="cond" truecount="2" falsecount="0"/>
        <line num="19" count="3" type="stmt"/>
      </file>
      <file name="norad-id.ts" path="/home/jo/projects/uni/year3/gs1/mobile/gs/src/domain/value-objects/norad-id.ts">
        <metrics statements="5" coveredstatements="5" conditionals="4" coveredconditionals="4" methods="4" coveredmethods="4"/>
        <line num="5" count="351" type="cond" truecount="4" falsecount="0"/>
        <line num="6" count="3" type="stmt"/>
        <line num="8" count="348" type="stmt"/>
        <line num="12" count="1" type="stmt"/>
        <line num="16" count="2" type="stmt"/>
      </file>
      <file name="probability-of-collision.ts" path="/home/jo/projects/uni/year3/gs1/mobile/gs/src/domain/value-objects/probability-of-collision.ts">
        <metrics statements="13" coveredstatements="13" conditionals="10" coveredconditionals="9" methods="6" coveredmethods="6"/>
        <line num="3" count="16" type="stmt"/>
        <line num="12" count="62" type="cond" truecount="4" falsecount="0"/>
        <line num="13" count="2" type="stmt"/>
        <line num="15" count="60" type="stmt"/>
        <line num="19" count="3" type="stmt"/>
        <line num="23" count="16" type="cond" truecount="2" falsecount="0"/>
        <line num="24" count="14" type="cond" truecount="2" falsecount="0"/>
        <line num="25" count="9" type="stmt"/>
        <line num="29" count="4" type="stmt"/>
        <line num="30" count="4" type="stmt"/>
        <line num="31" count="4" type="stmt"/>
        <line num="32" count="7" type="cond" truecount="1" falsecount="1"/>
        <line num="33" count="4" type="stmt"/>
      </file>
      <file name="time-to-closest-approach.ts" path="/home/jo/projects/uni/year3/gs1/mobile/gs/src/domain/value-objects/time-to-closest-approach.ts">
        <metrics statements="11" coveredstatements="11" conditionals="0" coveredconditionals="0" methods="5" coveredmethods="5"/>
        <line num="1" count="15" type="stmt"/>
        <line num="7" count="48" type="stmt"/>
        <line num="11" count="5" type="stmt"/>
        <line num="12" count="5" type="stmt"/>
        <line num="16" count="3" type="stmt"/>
        <line num="17" count="3" type="stmt"/>
        <line num="18" count="3" type="stmt"/>
        <line num="19" count="3" type="stmt"/>
        <line num="23" count="1" type="stmt"/>
        <line num="24" count="1" type="stmt"/>
        <line num="25" count="1" type="stmt"/>
      </file>
      <file name="tle-data.ts" path="/home/jo/projects/uni/year3/gs1/mobile/gs/src/domain/value-objects/tle-data.ts">
        <metrics statements="12" coveredstatements="12" conditionals="6" coveredconditionals="6" methods="3" coveredmethods="3"/>
        <line num="8" count="328" type="cond" truecount="2" falsecount="0"/>
        <line num="9" count="327" type="cond" truecount="2" falsecount="0"/>
        <line num="10" count="326" type="stmt"/>
        <line num="14" count="3" type="stmt"/>
        <line num="15" count="3" type="stmt"/>
        <line num="16" count="3" type="stmt"/>
        <line num="17" count="3" type="cond" truecount="2" falsecount="0"/>
        <line num="18" count="3" type="stmt"/>
        <line num="19" count="3" type="stmt"/>
        <line num="20" count="3" type="stmt"/>
        <line num="21" count="3" type="stmt"/>
        <line num="22" count="3" type="stmt"/>
      </file>
    </package>
    <package name="infrastructure.adapters">
      <metrics statements="11" coveredstatements="10" conditionals="6" coveredconditionals="5" methods="1" coveredmethods="1"/>
      <file name="satellite-js-adapter.ts" path="/home/jo/projects/uni/year3/gs1/mobile/gs/src/infrastructure/adapters/satellite-js-adapter.ts">
        <metrics statements="11" coveredstatements="10" conditionals="6" coveredconditionals="5" methods="1" coveredmethods="1"/>
        <line num="11" count="1" type="stmt"/>
        <line num="15" count="7" type="stmt"/>
        <line num="16" count="7" type="stmt"/>
        <line num="17" count="7" type="cond" truecount="2" falsecount="0"/>
        <line num="19" count="5" type="stmt"/>
        <line num="20" count="5" type="stmt"/>
        <line num="21" count="5" type="cond" truecount="3" falsecount="1"/>
        <line num="23" count="5" type="stmt"/>
        <line num="24" count="5" type="stmt"/>
        <line num="26" count="5" type="stmt"/>
        <line num="33" count="0" type="stmt"/>
      </file>
    </package>
    <package name="infrastructure.gateways">
      <metrics statements="7" coveredstatements="7" conditionals="2" coveredconditionals="1" methods="2" coveredmethods="2"/>
      <file name="mock-tle-gateway.ts" path="/home/jo/projects/uni/year3/gs1/mobile/gs/src/infrastructure/gateways/mock-tle-gateway.ts">
        <metrics statements="7" coveredstatements="7" conditionals="2" coveredconditionals="1" methods="2" coveredmethods="2"/>
        <line num="7" count="1" type="stmt"/>
        <line num="15" count="5" type="stmt"/>
        <line num="17" count="5" type="stmt"/>
        <line num="18" count="225" type="stmt"/>
        <line num="19" count="225" type="stmt"/>
        <line num="25" count="225" type="stmt"/>
        <line num="29" count="225" type="stmt"/>
      </file>
    </package>
    <package name="infrastructure.persistence">
      <metrics statements="29" coveredstatements="29" conditionals="8" coveredconditionals="8" methods="12" coveredmethods="12"/>
      <file name="sqlite-alert-history-repository.ts" path="/home/jo/projects/uni/year3/gs1/mobile/gs/src/infrastructure/persistence/sqlite-alert-history-repository.ts">
        <metrics statements="16" coveredstatements="16" conditionals="2" coveredconditionals="2" methods="8" coveredmethods="8"/>
        <line num="16" count="5" type="stmt"/>
        <line num="18" count="5" type="stmt"/>
        <line num="20" count="4" type="stmt"/>
        <line num="21" count="8" type="stmt"/>
        <line num="28" count="4" type="stmt"/>
        <line num="36" count="4" type="stmt"/>
        <line num="43" count="1" type="stmt"/>
        <line num="51" count="2" type="stmt"/>
        <line num="52" count="2" type="stmt"/>
        <line num="64" count="4" type="stmt"/>
        <line num="65" count="4" type="stmt"/>
        <line num="68" count="4" type="stmt"/>
        <line num="69" count="5" type="stmt"/>
        <line num="70" count="5" type="cond" truecount="2" falsecount="0"/>
        <line num="75" count="1" type="stmt"/>
        <line num="76" count="2" type="stmt"/>
      </file>
      <file name="sqlite-service.ts" path="/home/jo/projects/uni/year3/gs1/mobile/gs/src/infrastructure/persistence/sqlite-service.ts">
        <metrics statements="13" coveredstatements="13" conditionals="6" coveredconditionals="6" methods="4" coveredmethods="4"/>
        <line num="8" count="1" type="stmt"/>
        <line num="23" count="6" type="stmt"/>
        <line num="26" count="6" type="cond" truecount="2" falsecount="0"/>
        <line num="27" count="5" type="stmt"/>
        <line num="29" count="6" type="stmt"/>
        <line num="33" count="2" type="cond" truecount="2" falsecount="0"/>
        <line num="34" count="1" type="stmt"/>
        <line num="38" count="6" type="stmt"/>
        <line num="39" count="6" type="cond" truecount="2" falsecount="0"/>
        <line num="41" count="6" type="stmt"/>
        <line num="42" count="6" type="stmt"/>
        <line num="43" count="6" type="stmt"/>
        <line num="44" count="6" type="stmt"/>
      </file>
    </package>
    <package name="infrastructure.repositories">
      <metrics statements="13" coveredstatements="13" conditionals="0" coveredconditionals="0" methods="6" coveredmethods="6"/>
      <file name="mock-conjunction-repository.ts" path="/home/jo/projects/uni/year3/gs1/mobile/gs/src/infrastructure/repositories/mock-conjunction-repository.ts">
        <metrics statements="12" coveredstatements="12" conditionals="0" coveredconditionals="0" methods="4" coveredmethods="4"/>
        <line num="12" count="1" type="stmt"/>
        <line num="13" count="1" type="stmt"/>
        <line num="14" count="1" type="stmt"/>
        <line num="15" count="1" type="stmt"/>
        <line num="16" count="1" type="stmt"/>
        <line num="17" count="1" type="stmt"/>
        <line num="18" count="1" type="stmt"/>
        <line num="19" count="1" type="stmt"/>
        <line num="22" count="6" type="stmt"/>
        <line num="30" count="1" type="stmt"/>
        <line num="56" count="2" type="stmt"/>
        <line num="60" count="6" type="stmt"/>
      </file>
      <file name="mock-satellite-repository.ts" path="/home/jo/projects/uni/year3/gs1/mobile/gs/src/infrastructure/repositories/mock-satellite-repository.ts">
        <metrics statements="1" coveredstatements="1" conditionals="0" coveredconditionals="0" methods="2" coveredmethods="2"/>
        <line num="9" count="3" type="stmt"/>
      </file>
    </package>
    <package name="presentation.hooks">
      <metrics statements="30" coveredstatements="30" conditionals="10" coveredconditionals="10" methods="11" coveredmethods="11"/>
      <file name="use-hidden-trigger.ts" path="/home/jo/projects/uni/year3/gs1/mobile/gs/src/presentation/hooks/use-hidden-trigger.ts">
        <metrics statements="15" coveredstatements="15" conditionals="8" coveredconditionals="8" methods="3" coveredmethods="3"/>
        <line num="15" count="1" type="stmt"/>
        <line num="16" count="1" type="stmt"/>
        <line num="25" count="5" type="stmt"/>
        <line num="27" count="5" type="stmt"/>
        <line num="30" count="27" type="cond" truecount="2" falsecount="0"/>
        <line num="32" count="27" type="cond" truecount="2" falsecount="0"/>
        <line num="33" count="5" type="stmt"/>
        <line num="34" count="5" type="stmt"/>
        <line num="37" count="22" type="stmt"/>
        <line num="38" count="22" type="stmt"/>
        <line num="41" count="64" type="stmt"/>
        <line num="43" count="22" type="cond" truecount="2" falsecount="0"/>
        <line num="44" count="3" type="stmt"/>
        <line num="45" count="3" type="stmt"/>
        <line num="51" count="5" type="stmt"/>
      </file>
      <file name="use-orbital-loop.ts" path="/home/jo/projects/uni/year3/gs1/mobile/gs/src/presentation/hooks/use-orbital-loop.ts">
        <metrics statements="6" coveredstatements="6" conditionals="0" coveredconditionals="0" methods="4" coveredmethods="4"/>
        <line num="7" count="3" type="stmt"/>
        <line num="8" count="3" type="stmt"/>
        <line num="10" count="3" type="stmt"/>
        <line num="11" count="3" type="stmt"/>
        <line num="12" count="4" type="stmt"/>
        <line num="14" count="3" type="stmt"/>
      </file>
      <file name="use-presentation-mode.ts" path="/home/jo/projects/uni/year3/gs1/mobile/gs/src/presentation/hooks/use-presentation-mode.ts">
        <metrics statements="9" coveredstatements="9" conditionals="2" coveredconditionals="2" methods="4" coveredmethods="4"/>
        <line num="4" count="1" type="stmt"/>
        <line num="12" count="8" type="stmt"/>
        <line num="13" count="5" type="cond" truecount="2" falsecount="0"/>
        <line num="16" count="8" type="stmt"/>
        <line num="17" count="3" type="stmt"/>
        <line num="18" count="3" type="stmt"/>
        <line num="19" count="3" type="stmt"/>
        <line num="20" count="3" type="stmt"/>
        <line num="24" count="8" type="stmt"/>
      </file>
    </package>
    <package name="shared.utils">
      <metrics statements="3" coveredstatements="3" conditionals="0" coveredconditionals="0" methods="3" coveredmethods="3"/>
      <file name="formatters.ts" path="/home/jo/projects/uni/year3/gs1/mobile/gs/src/shared/utils/formatters.ts">
        <metrics statements="3" coveredstatements="3" conditionals="0" coveredconditionals="0" methods="3" coveredmethods="3"/>
        <line num="4" count="2" type="stmt"/>
        <line num="8" count="2" type="stmt"/>
        <line num="12" count="1" type="stmt"/>
      </file>
    </package>
  </project>
</coverage>
