{"/home/jo/projects/uni/year3/gs1/mobile/gs/src/application/stores/use-alert-store.ts": {"path":"/home/jo/projects/uni/year3/gs1/mobile/gs/src/application/stores/use-alert-store.ts","statementMap":{"0":{"start":{"line":19,"column":29},"end":{"line":56,"column":3}},"1":{"start":{"line":19,"column":63},"end":{"line":56,"column":1}},"2":{"start":{"line":25,"column":25},"end":{"line":25,"column":45}},"3":{"start":{"line":26,"column":4},"end":{"line":26,"column":25}},"4":{"start":{"line":30,"column":25},"end":{"line":30,"column":45}},"5":{"start":{"line":31,"column":4},"end":{"line":31,"column":25}},"6":{"start":{"line":35,"column":29},"end":{"line":35,"column":34}},"7":{"start":{"line":36,"column":21},"end":{"line":36,"column":72}},"8":{"start":{"line":36,"column":46},"end":{"line":36,"column":71}},"9":{"start":{"line":37,"column":19},"end":{"line":37,"column":46}},"10":{"start":{"line":38,"column":4},"end":{"line":38,"column":23}},"11":{"start":{"line":38,"column":17},"end":{"line":38,"column":23}},"12":{"start":{"line":39,"column":4},"end":{"line":39,"column":53}},"13":{"start":{"line":43,"column":28},"end":{"line":43,"column":33}},"14":{"start":{"line":44,"column":4},"end":{"line":44,"column":28}},"15":{"start":{"line":44,"column":22},"end":{"line":44,"column":28}},"16":{"start":{"line":45,"column":25},"end":{"line":45,"column":59}},"17":{"start":{"line":46,"column":4},"end":{"line":46,"column":38}},"18":{"start":{"line":50,"column":4},"end":{"line":50,"column":30}},"19":{"start":{"line":54,"column":4},"end":{"line":54,"column":66}}},"fnMap":{"0":{"name":"(anonymous_0)","decl":{"start":{"line":19,"column":48},"end":{"line":19,"column":49}},"loc":{"start":{"line":19,"column":63},"end":{"line":56,"column":1}},"line":19},"1":{"name":"(anonymous_1)","decl":{"start":{"line":24,"column":2},"end":{"line":24,"column":3}},"loc":{"start":{"line":24,"column":31},"end":{"line":27,"column":3}},"line":24},"2":{"name":"(anonymous_2)","decl":{"start":{"line":29,"column":2},"end":{"line":29,"column":3}},"loc":{"start":{"line":29,"column":31},"end":{"line":32,"column":3}},"line":29},"3":{"name":"(anonymous_3)","decl":{"start":{"line":34,"column":2},"end":{"line":34,"column":3}},"loc":{"start":{"line":34,"column":17},"end":{"line":40,"column":3}},"line":34},"4":{"name":"(anonymous_4)","decl":{"start":{"line":36,"column":39},"end":{"line":36,"column":40}},"loc":{"start":{"line":36,"column":46},"end":{"line":36,"column":71}},"line":36},"5":{"name":"(anonymous_5)","decl":{"start":{"line":42,"column":2},"end":{"line":42,"column":3}},"loc":{"start":{"line":42,"column":41},"end":{"line":47,"column":3}},"line":42},"6":{"name":"(anonymous_6)","decl":{"start":{"line":49,"column":2},"end":{"line":49,"column":3}},"loc":{"start":{"line":49,"column":17},"end":{"line":51,"column":3}},"line":49},"7":{"name":"(anonymous_7)","decl":{"start":{"line":53,"column":2},"end":{"line":53,"column":3}},"loc":{"start":{"line":53,"column":10},"end":{"line":55,"column":3}},"line":53}},"branchMap":{"0":{"loc":{"start":{"line":37,"column":19},"end":{"line":37,"column":46}},"type":"binary-expr","locations":[{"start":{"line":37,"column":19},"end":{"line":37,"column":27}},{"start":{"line":37,"column":31},"end":{"line":37,"column":46}}],"line":37},"1":{"loc":{"start":{"line":38,"column":4},"end":{"line":38,"column":23}},"type":"if","locations":[{"start":{"line":38,"column":4},"end":{"line":38,"column":23}},{"start":{},"end":{}}],"line":38},"2":{"loc":{"start":{"line":44,"column":4},"end":{"line":44,"column":28}},"type":"if","locations":[{"start":{"line":44,"column":4},"end":{"line":44,"column":28}},{"start":{},"end":{}}],"line":44}},"s":{"0":1,"1":1,"2":4,"3":4,"4":1,"5":1,"6":3,"7":3,"8":3,"9":3,"10":3,"11":0,"12":3,"13":1,"14":1,"15":0,"16":1,"17":1,"18":1,"19":5},"f":{"0":1,"1":4,"2":1,"3":3,"4":3,"5":1,"6":1,"7":5},"b":{"0":[3,0],"1":[0,3],"2":[0,1]},"_coverageSchema":"1a1c01bbd47fc00a2c39e90264f33305004495a9","hash":"91f6e8f6d9d2b223c541a75061ee0049974dfcba"}
,"/home/jo/projects/uni/year3/gs1/mobile/gs/src/application/stores/use-orbital-store.ts": {"path":"/home/jo/projects/uni/year3/gs1/mobile/gs/src/application/stores/use-orbital-store.ts","statementMap":{"0":{"start":{"line":15,"column":31},"end":{"line":35,"column":3}},"1":{"start":{"line":15,"column":67},"end":{"line":35,"column":1}},"2":{"start":{"line":21,"column":4},"end":{"line":21,"column":28}},"3":{"start":{"line":22,"column":23},"end":{"line":22,"column":43}},"4":{"start":{"line":23,"column":4},"end":{"line":23,"column":41}},"5":{"start":{"line":27,"column":27},"end":{"line":27,"column":32}},"6":{"start":{"line":28,"column":22},"end":{"line":28,"column":60}},"7":{"start":{"line":29,"column":4},"end":{"line":29,"column":22}},"8":{"start":{"line":33,"column":4},"end":{"line":33,"column":60}}},"fnMap":{"0":{"name":"(anonymous_0)","decl":{"start":{"line":15,"column":52},"end":{"line":15,"column":53}},"loc":{"start":{"line":15,"column":67},"end":{"line":35,"column":1}},"line":15},"1":{"name":"(anonymous_1)","decl":{"start":{"line":20,"column":2},"end":{"line":20,"column":3}},"loc":{"start":{"line":20,"column":29},"end":{"line":24,"column":3}},"line":20},"2":{"name":"(anonymous_2)","decl":{"start":{"line":26,"column":2},"end":{"line":26,"column":3}},"loc":{"start":{"line":26,"column":41},"end":{"line":30,"column":3}},"line":26},"3":{"name":"(anonymous_3)","decl":{"start":{"line":32,"column":2},"end":{"line":32,"column":3}},"loc":{"start":{"line":32,"column":10},"end":{"line":34,"column":3}},"line":32}},"branchMap":{},"s":{"0":1,"1":1,"2":3,"3":3,"4":3,"5":1,"6":1,"7":1,"8":3},"f":{"0":1,"1":3,"2":1,"3":3},"b":{},"_coverageSchema":"1a1c01bbd47fc00a2c39e90264f33305004495a9","hash":"be25c86a6133d65cad9d8a3a8921a8d0c7a4be63"}
,"/home/jo/projects/uni/year3/gs1/mobile/gs/src/domain/entities/conjunction-event.ts": {"path":"/home/jo/projects/uni/year3/gs1/mobile/gs/src/domain/entities/conjunction-event.ts","statementMap":{"0":{"start":{"line":14,"column":4},"end":{"line":14,"column":76}},"1":{"start":{"line":24,"column":4},"end":{"line":30,"column":5}},"2":{"start":{"line":34,"column":4},"end":{"line":34,"column":41}}},"fnMap":{"0":{"name":"(anonymous_0)","decl":{"start":{"line":7,"column":2},"end":{"line":7,"column":3}},"loc":{"start":{"line":13,"column":4},"end":{"line":15,"column":3}},"line":13},"1":{"name":"(anonymous_1)","decl":{"start":{"line":17,"column":2},"end":{"line":17,"column":3}},"loc":{"start":{"line":23,"column":23},"end":{"line":31,"column":3}},"line":23},"2":{"name":"(anonymous_2)","decl":{"start":{"line":33,"column":2},"end":{"line":33,"column":3}},"loc":{"start":{"line":33,"column":22},"end":{"line":35,"column":3}},"line":33}},"branchMap":{"0":{"loc":{"start":{"line":14,"column":20},"end":{"line":14,"column":76}},"type":"cond-expr","locations":[{"start":{"line":14,"column":48},"end":{"line":14,"column":58}},{"start":{"line":14,"column":61},"end":{"line":14,"column":76}}],"line":14}},"s":{"0":39,"1":39,"2":2},"f":{"0":39,"1":39,"2":2},"b":{"0":[32,7]},"_coverageSchema":"1a1c01bbd47fc00a2c39e90264f33305004495a9","hash":"6b5355df0ad0ce68b477fe078249f6a1e0808ddf"}
,"/home/jo/projects/uni/year3/gs1/mobile/gs/src/domain/entities/orbital-alert.ts": {"path":"/home/jo/projects/uni/year3/gs1/mobile/gs/src/domain/entities/orbital-alert.ts","statementMap":{"0":{"start":{"line":14,"column":4},"end":{"line":19,"column":5}},"1":{"start":{"line":28,"column":4},"end":{"line":28,"column":97}},"2":{"start":{"line":32,"column":4},"end":{"line":32,"column":92}},"3":{"start":{"line":36,"column":4},"end":{"line":36,"column":89}}},"fnMap":{"0":{"name":"(anonymous_0)","decl":{"start":{"line":6,"column":2},"end":{"line":6,"column":3}},"loc":{"start":{"line":11,"column":4},"end":{"line":11,"column":6}},"line":11},"1":{"name":"(anonymous_1)","decl":{"start":{"line":13,"column":2},"end":{"line":13,"column":3}},"loc":{"start":{"line":13,"column":66},"end":{"line":20,"column":3}},"line":13},"2":{"name":"(anonymous_2)","decl":{"start":{"line":22,"column":2},"end":{"line":22,"column":3}},"loc":{"start":{"line":27,"column":19},"end":{"line":29,"column":3}},"line":27},"3":{"name":"(anonymous_3)","decl":{"start":{"line":31,"column":2},"end":{"line":31,"column":3}},"loc":{"start":{"line":31,"column":30},"end":{"line":33,"column":3}},"line":31},"4":{"name":"(anonymous_4)","decl":{"start":{"line":35,"column":2},"end":{"line":35,"column":3}},"loc":{"start":{"line":35,"column":26},"end":{"line":37,"column":3}},"line":35}},"branchMap":{},"s":{"0":21,"1":4,"2":10,"3":2},"f":{"0":37,"1":21,"2":4,"3":10,"4":2},"b":{},"_coverageSchema":"1a1c01bbd47fc00a2c39e90264f33305004495a9","hash":"79b5ea75aa9e7441f4e08d08779c6f8f5e2b942d"}
,"/home/jo/projects/uni/year3/gs1/mobile/gs/src/domain/entities/satellite-object.ts": {"path":"/home/jo/projects/uni/year3/gs1/mobile/gs/src/domain/entities/satellite-object.ts","statementMap":{"0":{"start":{"line":23,"column":4},"end":{"line":25,"column":5}},"1":{"start":{"line":24,"column":6},"end":{"line":24,"column":65}},"2":{"start":{"line":26,"column":4},"end":{"line":26,"column":88}}},"fnMap":{"0":{"name":"(anonymous_0)","decl":{"start":{"line":10,"column":2},"end":{"line":10,"column":3}},"loc":{"start":{"line":15,"column":4},"end":{"line":15,"column":6}},"line":15},"1":{"name":"(anonymous_1)","decl":{"start":{"line":17,"column":2},"end":{"line":17,"column":3}},"loc":{"start":{"line":22,"column":22},"end":{"line":27,"column":3}},"line":22}},"branchMap":{"0":{"loc":{"start":{"line":23,"column":4},"end":{"line":25,"column":5}},"type":"if","locations":[{"start":{"line":23,"column":4},"end":{"line":25,"column":5}},{"start":{},"end":{}}],"line":23}},"s":{"0":318,"1":2,"2":316},"f":{"0":316,"1":318},"b":{"0":[2,316]},"_coverageSchema":"1a1c01bbd47fc00a2c39e90264f33305004495a9","hash":"4f06ec179822c7b3d98b07dbbfefb213a9bc8e73"}
,"/home/jo/projects/uni/year3/gs1/mobile/gs/src/domain/usecases/acknowledge-alert.ts": {"path":"/home/jo/projects/uni/year3/gs1/mobile/gs/src/domain/usecases/acknowledge-alert.ts","statementMap":{"0":{"start":{"line":12,"column":25},"end":{"line":12,"column":44}},"1":{"start":{"line":13,"column":4},"end":{"line":13,"column":62}},"2":{"start":{"line":14,"column":4},"end":{"line":14,"column":56}},"3":{"start":{"line":15,"column":4},"end":{"line":15,"column":23}}},"fnMap":{"0":{"name":"(anonymous_0)","decl":{"start":{"line":6,"column":2},"end":{"line":6,"column":3}},"loc":{"start":{"line":9,"column":4},"end":{"line":9,"column":6}},"line":9},"1":{"name":"(anonymous_1)","decl":{"start":{"line":11,"column":2},"end":{"line":11,"column":3}},"loc":{"start":{"line":11,"column":60},"end":{"line":16,"column":3}},"line":11}},"branchMap":{},"s":{"0":4,"1":4,"2":4,"3":4},"f":{"0":4,"1":4},"b":{},"_coverageSchema":"1a1c01bbd47fc00a2c39e90264f33305004495a9","hash":"4fb19be1410b7fc9d9aeaa9eda4e1d7f6037b1d2"}
,"/home/jo/projects/uni/year3/gs1/mobile/gs/src/domain/usecases/classify-risk.ts": {"path":"/home/jo/projects/uni/year3/gs1/mobile/gs/src/domain/usecases/classify-risk.ts","statementMap":{"0":{"start":{"line":5,"column":4},"end":{"line":5,"column":44}},"1":{"start":{"line":5,"column":27},"end":{"line":5,"column":44}},"2":{"start":{"line":6,"column":4},"end":{"line":6,"column":26}}},"fnMap":{"0":{"name":"(anonymous_0)","decl":{"start":{"line":4,"column":2},"end":{"line":4,"column":3}},"loc":{"start":{"line":4,"column":68},"end":{"line":7,"column":3}},"line":4}},"branchMap":{"0":{"loc":{"start":{"line":5,"column":4},"end":{"line":5,"column":44}},"type":"if","locations":[{"start":{"line":5,"column":4},"end":{"line":5,"column":44}},{"start":{},"end":{}}],"line":5}},"s":{"0":7,"1":2,"2":5},"f":{"0":7},"b":{"0":[2,5]},"_coverageSchema":"1a1c01bbd47fc00a2c39e90264f33305004495a9","hash":"7ab76c4e7a4afbed197b1ea6bf65ea937f4f2744"}
,"/home/jo/projects/uni/year3/gs1/mobile/gs/src/domain/usecases/detect-conjunctions.ts": {"path":"/home/jo/projects/uni/year3/gs1/mobile/gs/src/domain/usecases/detect-conjunctions.ts","statementMap":{"0":{"start":{"line":10,"column":36},"end":{"line":10,"column":38}},"1":{"start":{"line":11,"column":24},"end":{"line":11,"column":28}},"2":{"start":{"line":13,"column":49},"end":{"line":17,"column":1}},"3":{"start":{"line":20,"column":2},"end":{"line":20,"column":30}},"4":{"start":{"line":24,"column":15},"end":{"line":24,"column":31}},"5":{"start":{"line":25,"column":15},"end":{"line":25,"column":31}},"6":{"start":{"line":26,"column":15},"end":{"line":26,"column":26}},"7":{"start":{"line":27,"column":15},"end":{"line":27,"column":39}},"8":{"start":{"line":28,"column":15},"end":{"line":28,"column":28}},"9":{"start":{"line":31,"column":4},"end":{"line":32,"column":61}},"10":{"start":{"line":34,"column":4},"end":{"line":34,"column":81}},"11":{"start":{"line":36,"column":2},"end":{"line":36,"column":46}},"12":{"start":{"line":41,"column":20},"end":{"line":41,"column":37}},"13":{"start":{"line":42,"column":2},"end":{"line":42,"column":65}},"14":{"start":{"line":42,"column":23},"end":{"line":42,"column":65}},"15":{"start":{"line":43,"column":2},"end":{"line":43,"column":66}},"16":{"start":{"line":43,"column":24},"end":{"line":43,"column":66}},"17":{"start":{"line":44,"column":2},"end":{"line":44,"column":44}},"18":{"start":{"line":48,"column":15},"end":{"line":48,"column":60}},"19":{"start":{"line":49,"column":2},"end":{"line":49,"column":43}},"20":{"start":{"line":57,"column":4},"end":{"line":57,"column":39}},"21":{"start":{"line":57,"column":30},"end":{"line":57,"column":39}},"22":{"start":{"line":59,"column":31},"end":{"line":59,"column":65}},"23":{"start":{"line":60,"column":4},"end":{"line":62,"column":5}},"24":{"start":{"line":61,"column":6},"end":{"line":61,"column":52}},"25":{"start":{"line":64,"column":39},"end":{"line":64,"column":41}},"26":{"start":{"line":66,"column":4},"end":{"line":87,"column":5}},"27":{"start":{"line":66,"column":17},"end":{"line":66,"column":18}},"28":{"start":{"line":67,"column":6},"end":{"line":86,"column":7}},"29":{"start":{"line":67,"column":19},"end":{"line":67,"column":24}},"30":{"start":{"line":68,"column":21},"end":{"line":68,"column":34}},"31":{"start":{"line":69,"column":21},"end":{"line":69,"column":34}},"32":{"start":{"line":70,"column":19},"end":{"line":70,"column":41}},"33":{"start":{"line":72,"column":8},"end":{"line":72,"column":55}},"34":{"start":{"line":72,"column":47},"end":{"line":72,"column":55}},"35":{"start":{"line":74,"column":21},"end":{"line":74,"column":63}},"36":{"start":{"line":75,"column":21},"end":{"line":75,"column":63}},"37":{"start":{"line":76,"column":8},"end":{"line":76,"column":36}},"38":{"start":{"line":76,"column":28},"end":{"line":76,"column":36}},"39":{"start":{"line":78,"column":19},"end":{"line":78,"column":37}},"40":{"start":{"line":79,"column":26},"end":{"line":79,"column":35}},"41":{"start":{"line":80,"column":29},"end":{"line":80,"column":59}},"42":{"start":{"line":81,"column":21},"end":{"line":81,"column":69}},"43":{"start":{"line":83,"column":8},"end":{"line":85,"column":9}},"44":{"start":{"line":89,"column":4},"end":{"line":91,"column":5}},"45":{"start":{"line":90,"column":16},"end":{"line":90,"column":71}}},"fnMap":{"0":{"name":"toRadians","decl":{"start":{"line":19,"column":9},"end":{"line":19,"column":18}},"loc":{"start":{"line":19,"column":40},"end":{"line":21,"column":1}},"line":19},"1":{"name":"distanceKm","decl":{"start":{"line":23,"column":9},"end":{"line":23,"column":19}},"loc":{"start":{"line":23,"column":64},"end":{"line":37,"column":1}},"line":23},"2":{"name":"pcFromDistance","decl":{"start":{"line":39,"column":9},"end":{"line":39,"column":23}},"loc":{"start":{"line":39,"column":68},"end":{"line":45,"column":1}},"line":39},"3":{"name":"tcpaFromNow","decl":{"start":{"line":47,"column":9},"end":{"line":47,"column":20}},"loc":{"start":{"line":47,"column":67},"end":{"line":50,"column":1}},"line":47},"4":{"name":"(anonymous_4)","decl":{"start":{"line":53,"column":2},"end":{"line":53,"column":3}},"loc":{"start":{"line":56,"column":24},"end":{"line":92,"column":3}},"line":56},"5":{"name":"(anonymous_5)","decl":{"start":{"line":90,"column":6},"end":{"line":90,"column":7}},"loc":{"start":{"line":90,"column":16},"end":{"line":90,"column":71}},"line":90}},"branchMap":{"0":{"loc":{"start":{"line":42,"column":2},"end":{"line":42,"column":65}},"type":"if","locations":[{"start":{"line":42,"column":2},"end":{"line":42,"column":65}},{"start":{},"end":{}}],"line":42},"1":{"loc":{"start":{"line":43,"column":2},"end":{"line":43,"column":66}},"type":"if","locations":[{"start":{"line":43,"column":2},"end":{"line":43,"column":66}},{"start":{},"end":{}}],"line":43},"2":{"loc":{"start":{"line":57,"column":4},"end":{"line":57,"column":39}},"type":"if","locations":[{"start":{"line":57,"column":4},"end":{"line":57,"column":39}},{"start":{},"end":{}}],"line":57},"3":{"loc":{"start":{"line":72,"column":8},"end":{"line":72,"column":55}},"type":"if","locations":[{"start":{"line":72,"column":8},"end":{"line":72,"column":55}},{"start":{},"end":{}}],"line":72},"4":{"loc":{"start":{"line":76,"column":8},"end":{"line":76,"column":36}},"type":"if","locations":[{"start":{"line":76,"column":8},"end":{"line":76,"column":36}},{"start":{},"end":{}}],"line":76},"5":{"loc":{"start":{"line":76,"column":12},"end":{"line":76,"column":26}},"type":"binary-expr","locations":[{"start":{"line":76,"column":12},"end":{"line":76,"column":17}},{"start":{"line":76,"column":21},"end":{"line":76,"column":26}}],"line":76}},"s":{"0":1,"1":1,"2":1,"3":39,"4":13,"5":13,"6":13,"7":13,"8":13,"9":13,"10":13,"11":13,"12":9,"13":9,"14":5,"15":4,"16":0,"17":4,"18":9,"19":9,"20":8,"21":2,"22":6,"23":6,"24":15,"25":6,"26":6,"27":6,"28":9,"29":9,"30":13,"31":13,"32":13,"33":13,"34":3,"35":10,"36":10,"37":10,"38":1,"39":9,"40":9,"41":9,"42":9,"43":9,"44":6,"45":9},"f":{"0":39,"1":13,"2":9,"3":9,"4":8,"5":9},"b":{"0":[5,4],"1":[0,4],"2":[2,6],"3":[3,10],"4":[1,9],"5":[10,10]},"_coverageSchema":"1a1c01bbd47fc00a2c39e90264f33305004495a9","hash":"66660445e83200991c1b42ef5fdfb3f1e11d07d5"}
,"/home/jo/projects/uni/year3/gs1/mobile/gs/src/domain/usecases/propagate-orbits.ts": {"path":"/home/jo/projects/uni/year3/gs1/mobile/gs/src/domain/usecases/propagate-orbits.ts","statementMap":{"0":{"start":{"line":16,"column":39},"end":{"line":16,"column":41}},"1":{"start":{"line":18,"column":4},"end":{"line":23,"column":5}},"2":{"start":{"line":19,"column":23},"end":{"line":19,"column":75}},"3":{"start":{"line":20,"column":6},"end":{"line":22,"column":7}},"4":{"start":{"line":21,"column":8},"end":{"line":21,"column":32}},"5":{"start":{"line":25,"column":4},"end":{"line":25,"column":20}}},"fnMap":{"0":{"name":"(anonymous_0)","decl":{"start":{"line":13,"column":2},"end":{"line":13,"column":3}},"loc":{"start":{"line":13,"column":61},"end":{"line":13,"column":63}},"line":13},"1":{"name":"(anonymous_1)","decl":{"start":{"line":15,"column":2},"end":{"line":15,"column":3}},"loc":{"start":{"line":15,"column":75},"end":{"line":26,"column":3}},"line":15}},"branchMap":{"0":{"loc":{"start":{"line":20,"column":6},"end":{"line":22,"column":7}},"type":"if","locations":[{"start":{"line":20,"column":6},"end":{"line":22,"column":7}},{"start":{},"end":{}}],"line":20}},"s":{"0":5,"1":5,"2":6,"3":6,"4":2,"5":5},"f":{"0":5,"1":5},"b":{"0":[2,4]},"_coverageSchema":"1a1c01bbd47fc00a2c39e90264f33305004495a9","hash":"5118f8568dfc617fb1cd98ed1d60f69623bb08d2"}
,"/home/jo/projects/uni/year3/gs1/mobile/gs/src/domain/value-objects/miss-distance.ts": {"path":"/home/jo/projects/uni/year3/gs1/mobile/gs/src/domain/value-objects/miss-distance.ts","statementMap":{"0":{"start":{"line":5,"column":4},"end":{"line":5,"column":73}},"1":{"start":{"line":5,"column":20},"end":{"line":5,"column":73}},"2":{"start":{"line":6,"column":4},"end":{"line":6,"column":35}},"3":{"start":{"line":10,"column":4},"end":{"line":10,"column":29}},"4":{"start":{"line":14,"column":4},"end":{"line":14,"column":29}},"5":{"start":{"line":18,"column":4},"end":{"line":18,"column":64}},"6":{"start":{"line":18,"column":28},"end":{"line":18,"column":64}},"7":{"start":{"line":19,"column":4},"end":{"line":19,"column":49}}},"fnMap":{"0":{"name":"(anonymous_0)","decl":{"start":{"line":2,"column":2},"end":{"line":2,"column":3}},"loc":{"start":{"line":2,"column":47},"end":{"line":2,"column":49}},"line":2},"1":{"name":"(anonymous_1)","decl":{"start":{"line":4,"column":2},"end":{"line":4,"column":3}},"loc":{"start":{"line":4,"column":46},"end":{"line":7,"column":3}},"line":4},"2":{"name":"(anonymous_2)","decl":{"start":{"line":9,"column":2},"end":{"line":9,"column":3}},"loc":{"start":{"line":9,"column":25},"end":{"line":11,"column":3}},"line":9},"3":{"name":"(anonymous_3)","decl":{"start":{"line":13,"column":2},"end":{"line":13,"column":3}},"loc":{"start":{"line":13,"column":24},"end":{"line":15,"column":3}},"line":13},"4":{"name":"(anonymous_4)","decl":{"start":{"line":17,"column":2},"end":{"line":17,"column":3}},"loc":{"start":{"line":17,"column":28},"end":{"line":20,"column":3}},"line":17}},"branchMap":{"0":{"loc":{"start":{"line":5,"column":4},"end":{"line":5,"column":73}},"type":"if","locations":[{"start":{"line":5,"column":4},"end":{"line":5,"column":73}},{"start":{},"end":{}}],"line":5},"1":{"loc":{"start":{"line":18,"column":4},"end":{"line":18,"column":64}},"type":"if","locations":[{"start":{"line":18,"column":4},"end":{"line":18,"column":64}},{"start":{},"end":{}}],"line":18}},"s":{"0":58,"1":1,"2":57,"3":2,"4":48,"5":5,"6":2,"7":3},"f":{"0":57,"1":58,"2":2,"3":48,"4":5},"b":{"0":[1,57],"1":[2,3]},"_coverageSchema":"1a1c01bbd47fc00a2c39e90264f33305004495a9","hash":"9d6e99c1622111950840d8276d867b48f6257834"}
,"/home/jo/projects/uni/year3/gs1/mobile/gs/src/domain/value-objects/norad-id.ts": {"path":"/home/jo/projects/uni/year3/gs1/mobile/gs/src/domain/value-objects/norad-id.ts","statementMap":{"0":{"start":{"line":5,"column":4},"end":{"line":7,"column":5}},"1":{"start":{"line":6,"column":6},"end":{"line":6,"column":61}},"2":{"start":{"line":8,"column":4},"end":{"line":8,"column":29}},"3":{"start":{"line":12,"column":4},"end":{"line":12,"column":29}},"4":{"start":{"line":16,"column":4},"end":{"line":16,"column":37}}},"fnMap":{"0":{"name":"(anonymous_0)","decl":{"start":{"line":2,"column":2},"end":{"line":2,"column":3}},"loc":{"start":{"line":2,"column":46},"end":{"line":2,"column":48}},"line":2},"1":{"name":"(anonymous_1)","decl":{"start":{"line":4,"column":2},"end":{"line":4,"column":3}},"loc":{"start":{"line":4,"column":40},"end":{"line":9,"column":3}},"line":4},"2":{"name":"(anonymous_2)","decl":{"start":{"line":11,"column":2},"end":{"line":11,"column":3}},"loc":{"start":{"line":11,"column":21},"end":{"line":13,"column":3}},"line":11},"3":{"name":"(anonymous_3)","decl":{"start":{"line":15,"column":2},"end":{"line":15,"column":3}},"loc":{"start":{"line":15,"column":34},"end":{"line":17,"column":3}},"line":15}},"branchMap":{"0":{"loc":{"start":{"line":5,"column":4},"end":{"line":7,"column":5}},"type":"if","locations":[{"start":{"line":5,"column":4},"end":{"line":7,"column":5}},{"start":{},"end":{}}],"line":5},"1":{"loc":{"start":{"line":5,"column":8},"end":{"line":5,"column":46}},"type":"binary-expr","locations":[{"start":{"line":5,"column":8},"end":{"line":5,"column":32}},{"start":{"line":5,"column":36},"end":{"line":5,"column":46}}],"line":5}},"s":{"0":351,"1":3,"2":348,"3":1,"4":2},"f":{"0":348,"1":351,"2":1,"3":2},"b":{"0":[3,348],"1":[351,350]},"_coverageSchema":"1a1c01bbd47fc00a2c39e90264f33305004495a9","hash":"9a2bb40ee356fea2cd1fbe1371e6468d7a04c010"}
,"/home/jo/projects/uni/year3/gs1/mobile/gs/src/domain/value-objects/probability-of-collision.ts": {"path":"/home/jo/projects/uni/year3/gs1/mobile/gs/src/domain/value-objects/probability-of-collision.ts","statementMap":{"0":{"start":{"line":3,"column":45},"end":{"line":6,"column":1}},"1":{"start":{"line":12,"column":4},"end":{"line":14,"column":5}},"2":{"start":{"line":13,"column":6},"end":{"line":13,"column":70}},"3":{"start":{"line":15,"column":4},"end":{"line":15,"column":44}},"4":{"start":{"line":19,"column":4},"end":{"line":19,"column":28}},"5":{"start":{"line":23,"column":4},"end":{"line":23,"column":44}},"6":{"start":{"line":23,"column":27},"end":{"line":23,"column":44}},"7":{"start":{"line":24,"column":4},"end":{"line":24,"column":43}},"8":{"start":{"line":24,"column":27},"end":{"line":24,"column":43}},"9":{"start":{"line":25,"column":4},"end":{"line":25,"column":17}},"10":{"start":{"line":29,"column":16},"end":{"line":29,"column":43}},"11":{"start":{"line":30,"column":33},"end":{"line":30,"column":47}},"12":{"start":{"line":31,"column":24},"end":{"line":32,"column":54}},"13":{"start":{"line":32,"column":33},"end":{"line":32,"column":53}},"14":{"start":{"line":33,"column":4},"end":{"line":33,"column":43}}},"fnMap":{"0":{"name":"(anonymous_0)","decl":{"start":{"line":9,"column":2},"end":{"line":9,"column":3}},"loc":{"start":{"line":9,"column":46},"end":{"line":9,"column":48}},"line":9},"1":{"name":"(anonymous_1)","decl":{"start":{"line":11,"column":2},"end":{"line":11,"column":3}},"loc":{"start":{"line":11,"column":55},"end":{"line":16,"column":3}},"line":11},"2":{"name":"(anonymous_2)","decl":{"start":{"line":18,"column":2},"end":{"line":18,"column":3}},"loc":{"start":{"line":18,"column":30},"end":{"line":20,"column":3}},"line":18},"3":{"name":"(anonymous_3)","decl":{"start":{"line":22,"column":2},"end":{"line":22,"column":3}},"loc":{"start":{"line":22,"column":25},"end":{"line":26,"column":3}},"line":22},"4":{"name":"(anonymous_4)","decl":{"start":{"line":28,"column":2},"end":{"line":28,"column":3}},"loc":{"start":{"line":28,"column":33},"end":{"line":34,"column":3}},"line":28},"5":{"name":"(anonymous_5)","decl":{"start":{"line":32,"column":26},"end":{"line":32,"column":27}},"loc":{"start":{"line":32,"column":33},"end":{"line":32,"column":53}},"line":32}},"branchMap":{"0":{"loc":{"start":{"line":12,"column":4},"end":{"line":14,"column":5}},"type":"if","locations":[{"start":{"line":12,"column":4},"end":{"line":14,"column":5}},{"start":{},"end":{}}],"line":12},"1":{"loc":{"start":{"line":12,"column":8},"end":{"line":12,"column":30}},"type":"binary-expr","locations":[{"start":{"line":12,"column":8},"end":{"line":12,"column":17}},{"start":{"line":12,"column":21},"end":{"line":12,"column":30}}],"line":12},"2":{"loc":{"start":{"line":23,"column":4},"end":{"line":23,"column":44}},"type":"if","locations":[{"start":{"line":23,"column":4},"end":{"line":23,"column":44}},{"start":{},"end":{}}],"line":23},"3":{"loc":{"start":{"line":24,"column":4},"end":{"line":24,"column":43}},"type":"if","locations":[{"start":{"line":24,"column":4},"end":{"line":24,"column":43}},{"start":{},"end":{}}],"line":24},"4":{"loc":{"start":{"line":32,"column":33},"end":{"line":32,"column":53}},"type":"binary-expr","locations":[{"start":{"line":32,"column":33},"end":{"line":32,"column":48}},{"start":{"line":32,"column":52},"end":{"line":32,"column":53}}],"line":32}},"s":{"0":16,"1":62,"2":2,"3":60,"4":3,"5":16,"6":2,"7":14,"8":5,"9":9,"10":4,"11":4,"12":4,"13":7,"14":4},"f":{"0":60,"1":62,"2":3,"3":16,"4":4,"5":7},"b":{"0":[2,60],"1":[62,61],"2":[2,14],"3":[5,9],"4":[7,0]},"_coverageSchema":"1a1c01bbd47fc00a2c39e90264f33305004495a9","hash":"c3cd00863027ab174a5e658903033e60ef606b37"}
,"/home/jo/projects/uni/year3/gs1/mobile/gs/src/domain/value-objects/time-to-closest-approach.ts": {"path":"/home/jo/projects/uni/year3/gs1/mobile/gs/src/domain/value-objects/time-to-closest-approach.ts","statementMap":{"0":{"start":{"line":1,"column":28},"end":{"line":1,"column":29}},"1":{"start":{"line":7,"column":4},"end":{"line":7,"column":42}},"2":{"start":{"line":11,"column":23},"end":{"line":11,"column":76}},"3":{"start":{"line":12,"column":4},"end":{"line":12,"column":43}},"4":{"start":{"line":16,"column":25},"end":{"line":16,"column":98}},"5":{"start":{"line":17,"column":18},"end":{"line":17,"column":47}},"6":{"start":{"line":18,"column":20},"end":{"line":18,"column":37}},"7":{"start":{"line":19,"column":4},"end":{"line":19,"column":61}},"8":{"start":{"line":23,"column":15},"end":{"line":23,"column":63}},"9":{"start":{"line":24,"column":15},"end":{"line":24,"column":65}},"10":{"start":{"line":25,"column":4},"end":{"line":25,"column":32}}},"fnMap":{"0":{"name":"(anonymous_0)","decl":{"start":{"line":4,"column":2},"end":{"line":4,"column":3}},"loc":{"start":{"line":4,"column":43},"end":{"line":4,"column":45}},"line":4},"1":{"name":"(anonymous_1)","decl":{"start":{"line":6,"column":2},"end":{"line":6,"column":3}},"loc":{"start":{"line":6,"column":51},"end":{"line":8,"column":3}},"line":6},"2":{"name":"(anonymous_2)","decl":{"start":{"line":10,"column":2},"end":{"line":10,"column":3}},"loc":{"start":{"line":10,"column":32},"end":{"line":13,"column":3}},"line":10},"3":{"name":"(anonymous_3)","decl":{"start":{"line":15,"column":2},"end":{"line":15,"column":3}},"loc":{"start":{"line":15,"column":28},"end":{"line":20,"column":3}},"line":15},"4":{"name":"(anonymous_4)","decl":{"start":{"line":22,"column":2},"end":{"line":22,"column":3}},"loc":{"start":{"line":22,"column":24},"end":{"line":26,"column":3}},"line":22}},"branchMap":{},"s":{"0":15,"1":48,"2":5,"3":5,"4":3,"5":3,"6":3,"7":3,"8":1,"9":1,"10":1},"f":{"0":48,"1":48,"2":5,"3":3,"4":1},"b":{},"_coverageSchema":"1a1c01bbd47fc00a2c39e90264f33305004495a9","hash":"0e8ce71aedf1034e08430a31301be2ecba091d21"}
,"/home/jo/projects/uni/year3/gs1/mobile/gs/src/domain/value-objects/tle-data.ts": {"path":"/home/jo/projects/uni/year3/gs1/mobile/gs/src/domain/value-objects/tle-data.ts","statementMap":{"0":{"start":{"line":8,"column":4},"end":{"line":8,"column":80}},"1":{"start":{"line":8,"column":29},"end":{"line":8,"column":80}},"2":{"start":{"line":9,"column":4},"end":{"line":9,"column":80}},"3":{"start":{"line":9,"column":29},"end":{"line":9,"column":80}},"4":{"start":{"line":10,"column":4},"end":{"line":10,"column":36}},"5":{"start":{"line":14,"column":21},"end":{"line":14,"column":56}},"6":{"start":{"line":15,"column":23},"end":{"line":15,"column":61}},"7":{"start":{"line":16,"column":22},"end":{"line":16,"column":55}},"8":{"start":{"line":17,"column":21},"end":{"line":17,"column":77}},"9":{"start":{"line":18,"column":22},"end":{"line":18,"column":56}},"10":{"start":{"line":19,"column":4},"end":{"line":19,"column":76}},"11":{"start":{"line":20,"column":18},"end":{"line":20,"column":50}},"12":{"start":{"line":21,"column":20},"end":{"line":21,"column":49}},"13":{"start":{"line":22,"column":4},"end":{"line":22,"column":23}}},"fnMap":{"0":{"name":"(anonymous_0)","decl":{"start":{"line":2,"column":2},"end":{"line":2,"column":3}},"loc":{"start":{"line":5,"column":4},"end":{"line":5,"column":6}},"line":5},"1":{"name":"(anonymous_1)","decl":{"start":{"line":7,"column":2},"end":{"line":7,"column":3}},"loc":{"start":{"line":7,"column":55},"end":{"line":11,"column":3}},"line":7},"2":{"name":"(anonymous_2)","decl":{"start":{"line":13,"column":2},"end":{"line":13,"column":3}},"loc":{"start":{"line":13,"column":23},"end":{"line":23,"column":3}},"line":13}},"branchMap":{"0":{"loc":{"start":{"line":8,"column":4},"end":{"line":8,"column":80}},"type":"if","locations":[{"start":{"line":8,"column":4},"end":{"line":8,"column":80}},{"start":{},"end":{}}],"line":8},"1":{"loc":{"start":{"line":9,"column":4},"end":{"line":9,"column":80}},"type":"if","locations":[{"start":{"line":9,"column":4},"end":{"line":9,"column":80}},{"start":{},"end":{}}],"line":9},"2":{"loc":{"start":{"line":17,"column":21},"end":{"line":17,"column":77}},"type":"cond-expr","locations":[{"start":{"line":17,"column":40},"end":{"line":17,"column":57}},{"start":{"line":17,"column":60},"end":{"line":17,"column":77}}],"line":17}},"s":{"0":328,"1":1,"2":327,"3":1,"4":326,"5":3,"6":3,"7":3,"8":3,"9":3,"10":3,"11":3,"12":3,"13":3},"f":{"0":326,"1":328,"2":3},"b":{"0":[1,327],"1":[1,326],"2":[1,2]},"_coverageSchema":"1a1c01bbd47fc00a2c39e90264f33305004495a9","hash":"fbe574e9b44cb51e24882e8583f44bd5e1bbaee7"}
,"/home/jo/projects/uni/year3/gs1/mobile/gs/src/infrastructure/adapters/satellite-js-adapter.ts": {"path":"/home/jo/projects/uni/year3/gs1/mobile/gs/src/infrastructure/adapters/satellite-js-adapter.ts","statementMap":{"0":{"start":{"line":11,"column":19},"end":{"line":11,"column":32}},"1":{"start":{"line":15,"column":4},"end":{"line":34,"column":5}},"2":{"start":{"line":16,"column":21},"end":{"line":16,"column":86}},"3":{"start":{"line":17,"column":6},"end":{"line":17,"column":41}},"4":{"start":{"line":17,"column":30},"end":{"line":17,"column":41}},"5":{"start":{"line":19,"column":17},"end":{"line":19,"column":54}},"6":{"start":{"line":20,"column":23},"end":{"line":20,"column":61}},"7":{"start":{"line":21,"column":6},"end":{"line":21,"column":66}},"8":{"start":{"line":21,"column":55},"end":{"line":21,"column":66}},"9":{"start":{"line":23,"column":19},"end":{"line":23,"column":36}},"10":{"start":{"line":24,"column":18},"end":{"line":24,"column":91}},"11":{"start":{"line":26,"column":6},"end":{"line":31,"column":7}},"12":{"start":{"line":33,"column":6},"end":{"line":33,"column":17}}},"fnMap":{"0":{"name":"(anonymous_0)","decl":{"start":{"line":14,"column":2},"end":{"line":14,"column":3}},"loc":{"start":{"line":14,"column":65},"end":{"line":35,"column":3}},"line":14}},"branchMap":{"0":{"loc":{"start":{"line":17,"column":6},"end":{"line":17,"column":41}},"type":"if","locations":[{"start":{"line":17,"column":6},"end":{"line":17,"column":41}},{"start":{},"end":{}}],"line":17},"1":{"loc":{"start":{"line":21,"column":6},"end":{"line":21,"column":66}},"type":"if","locations":[{"start":{"line":21,"column":6},"end":{"line":21,"column":66}},{"start":{},"end":{}}],"line":21},"2":{"loc":{"start":{"line":21,"column":10},"end":{"line":21,"column":53}},"type":"binary-expr","locations":[{"start":{"line":21,"column":10},"end":{"line":21,"column":19}},{"start":{"line":21,"column":23},"end":{"line":21,"column":53}}],"line":21}},"s":{"0":1,"1":7,"2":7,"3":7,"4":2,"5":5,"6":5,"7":5,"8":0,"9":5,"10":5,"11":5,"12":0},"f":{"0":7},"b":{"0":[2,5],"1":[0,5],"2":[5,5]},"_coverageSchema":"1a1c01bbd47fc00a2c39e90264f33305004495a9","hash":"89364c7e89037fdbc7e72f50dd84f096938b498c"}
,"/home/jo/projects/uni/year3/gs1/mobile/gs/src/infrastructure/gateways/mock-tle-gateway.ts": {"path":"/home/jo/projects/uni/year3/gs1/mobile/gs/src/infrastructure/gateways/mock-tle-gateway.ts","statementMap":{"0":{"start":{"line":7,"column":54},"end":{"line":11,"column":1}},"1":{"start":{"line":15,"column":20},"end":{"line":15,"column":51}},"2":{"start":{"line":17,"column":4},"end":{"line":30,"column":10}},"3":{"start":{"line":18,"column":6},"end":{"line":28,"column":7}},"4":{"start":{"line":19,"column":26},"end":{"line":24,"column":10}},"5":{"start":{"line":25,"column":8},"end":{"line":25,"column":27}},"6":{"start":{"line":29,"column":6},"end":{"line":29,"column":16}}},"fnMap":{"0":{"name":"(anonymous_0)","decl":{"start":{"line":14,"column":2},"end":{"line":14,"column":3}},"loc":{"start":{"line":14,"column":48},"end":{"line":31,"column":3}},"line":14},"1":{"name":"(anonymous_1)","decl":{"start":{"line":17,"column":45},"end":{"line":17,"column":46}},"loc":{"start":{"line":17,"column":62},"end":{"line":30,"column":5}},"line":17}},"branchMap":{"0":{"loc":{"start":{"line":22,"column":16},"end":{"line":22,"column":67}},"type":"binary-expr","locations":[{"start":{"line":22,"column":16},"end":{"line":22,"column":37}},{"start":{"line":22,"column":41},"end":{"line":22,"column":67}}],"line":22}},"s":{"0":1,"1":5,"2":5,"3":225,"4":225,"5":225,"6":225},"f":{"0":5,"1":225},"b":{"0":[225,0]},"_coverageSchema":"1a1c01bbd47fc00a2c39e90264f33305004495a9","hash":"246ac5c377a8c2d7e7ee263fb1e54fdb87c834d9"}
,"/home/jo/projects/uni/year3/gs1/mobile/gs/src/infrastructure/persistence/sqlite-alert-history-repository.ts": {"path":"/home/jo/projects/uni/year3/gs1/mobile/gs/src/infrastructure/persistence/sqlite-alert-history-repository.ts","statementMap":{"0":{"start":{"line":16,"column":2},"end":{"line":44,"column":3}},"1":{"start":{"line":18,"column":17},"end":{"line":18,"column":62}},"2":{"start":{"line":20,"column":20},"end":{"line":26,"column":8}},"3":{"start":{"line":21,"column":6},"end":{"line":26,"column":8}},"4":{"start":{"line":28,"column":18},"end":{"line":34,"column":6}},"5":{"start":{"line":36,"column":4},"end":{"line":41,"column":6}},"6":{"start":{"line":43,"column":4},"end":{"line":43,"column":15}},"7":{"start":{"line":51,"column":15},"end":{"line":51,"column":41}},"8":{"start":{"line":52,"column":4},"end":{"line":60,"column":5}},"9":{"start":{"line":64,"column":15},"end":{"line":64,"column":41}},"10":{"start":{"line":65,"column":17},"end":{"line":67,"column":5}},"11":{"start":{"line":68,"column":4},"end":{"line":71,"column":6}},"12":{"start":{"line":69,"column":20},"end":{"line":69,"column":35}},"13":{"start":{"line":70,"column":6},"end":{"line":70,"column":33}},"14":{"start":{"line":75,"column":16},"end":{"line":75,"column":36}},"15":{"start":{"line":76,"column":4},"end":{"line":76,"column":49}},"16":{"start":{"line":76,"column":29},"end":{"line":76,"column":48}}},"fnMap":{"0":{"name":"rowToAlert","decl":{"start":{"line":15,"column":9},"end":{"line":15,"column":19}},"loc":{"start":{"line":15,"column":70},"end":{"line":45,"column":1}},"line":15},"1":{"name":"(anonymous_1)","decl":{"start":{"line":20,"column":20},"end":{"line":20,"column":21}},"loc":{"start":{"line":21,"column":6},"end":{"line":26,"column":8}},"line":21},"2":{"name":"(anonymous_2)","decl":{"start":{"line":48,"column":2},"end":{"line":48,"column":3}},"loc":{"start":{"line":48,"column":61},"end":{"line":48,"column":63}},"line":48},"3":{"name":"(anonymous_3)","decl":{"start":{"line":50,"column":2},"end":{"line":50,"column":3}},"loc":{"start":{"line":50,"column":49},"end":{"line":61,"column":3}},"line":50},"4":{"name":"(anonymous_4)","decl":{"start":{"line":63,"column":2},"end":{"line":63,"column":3}},"loc":{"start":{"line":63,"column":43},"end":{"line":72,"column":3}},"line":63},"5":{"name":"(anonymous_5)","decl":{"start":{"line":68,"column":24},"end":{"line":68,"column":25}},"loc":{"start":{"line":68,"column":33},"end":{"line":71,"column":5}},"line":68},"6":{"name":"(anonymous_6)","decl":{"start":{"line":74,"column":2},"end":{"line":74,"column":3}},"loc":{"start":{"line":74,"column":67},"end":{"line":77,"column":3}},"line":74},"7":{"name":"(anonymous_7)","decl":{"start":{"line":76,"column":22},"end":{"line":76,"column":23}},"loc":{"start":{"line":76,"column":29},"end":{"line":76,"column":48}},"line":76}},"branchMap":{"0":{"loc":{"start":{"line":70,"column":13},"end":{"line":70,"column":33}},"type":"cond-expr","locations":[{"start":{"line":70,"column":21},"end":{"line":70,"column":28}},{"start":{"line":70,"column":31},"end":{"line":70,"column":33}}],"line":70}},"s":{"0":5,"1":5,"2":4,"3":8,"4":4,"5":4,"6":1,"7":2,"8":2,"9":4,"10":4,"11":4,"12":5,"13":5,"14":1,"15":1,"16":2},"f":{"0":5,"1":8,"2":6,"3":2,"4":4,"5":5,"6":1,"7":2},"b":{"0":[4,1]},"_coverageSchema":"1a1c01bbd47fc00a2c39e90264f33305004495a9","hash":"3ae83efaf625aac2866636fd5e5dac850e3af3a0"}
,"/home/jo/projects/uni/year3/gs1/mobile/gs/src/infrastructure/persistence/sqlite-service.ts": {"path":"/home/jo/projects/uni/year3/gs1/mobile/gs/src/infrastructure/persistence/sqlite-service.ts","statementMap":{"0":{"start":{"line":8,"column":32},"end":{"line":20,"column":1}},"1":{"start":{"line":23,"column":45},"end":{"line":23,"column":49}},"2":{"start":{"line":26,"column":4},"end":{"line":28,"column":5}},"3":{"start":{"line":27,"column":6},"end":{"line":27,"column":62}},"4":{"start":{"line":29,"column":4},"end":{"line":29,"column":31}},"5":{"start":{"line":33,"column":4},"end":{"line":33,"column":101}},"6":{"start":{"line":33,"column":18},"end":{"line":33,"column":101}},"7":{"start":{"line":34,"column":4},"end":{"line":34,"column":18}},"8":{"start":{"line":38,"column":16},"end":{"line":38,"column":80}},"9":{"start":{"line":39,"column":27},"end":{"line":39,"column":49}},"10":{"start":{"line":41,"column":20},"end":{"line":41,"column":72}},"11":{"start":{"line":41,"column":45},"end":{"line":41,"column":71}},"12":{"start":{"line":42,"column":4},"end":{"line":45,"column":5}},"13":{"start":{"line":43,"column":6},"end":{"line":43,"column":31}},"14":{"start":{"line":44,"column":6},"end":{"line":44,"column":63}}},"fnMap":{"0":{"name":"(anonymous_0)","decl":{"start":{"line":25,"column":2},"end":{"line":25,"column":3}},"loc":{"start":{"line":25,"column":21},"end":{"line":30,"column":3}},"line":25},"1":{"name":"(anonymous_1)","decl":{"start":{"line":32,"column":2},"end":{"line":32,"column":3}},"loc":{"start":{"line":32,"column":33},"end":{"line":35,"column":3}},"line":32},"2":{"name":"(anonymous_2)","decl":{"start":{"line":37,"column":2},"end":{"line":37,"column":3}},"loc":{"start":{"line":37,"column":57},"end":{"line":46,"column":3}},"line":37},"3":{"name":"(anonymous_3)","decl":{"start":{"line":41,"column":38},"end":{"line":41,"column":39}},"loc":{"start":{"line":41,"column":45},"end":{"line":41,"column":71}},"line":41}},"branchMap":{"0":{"loc":{"start":{"line":26,"column":4},"end":{"line":28,"column":5}},"type":"if","locations":[{"start":{"line":26,"column":4},"end":{"line":28,"column":5}},{"start":{},"end":{}}],"line":26},"1":{"loc":{"start":{"line":33,"column":4},"end":{"line":33,"column":101}},"type":"if","locations":[{"start":{"line":33,"column":4},"end":{"line":33,"column":101}},{"start":{},"end":{}}],"line":33},"2":{"loc":{"start":{"line":39,"column":27},"end":{"line":39,"column":49}},"type":"binary-expr","locations":[{"start":{"line":39,"column":27},"end":{"line":39,"column":44}},{"start":{"line":39,"column":48},"end":{"line":39,"column":49}}],"line":39}},"s":{"0":1,"1":6,"2":6,"3":5,"4":6,"5":2,"6":1,"7":1,"8":6,"9":6,"10":6,"11":6,"12":6,"13":6,"14":6},"f":{"0":6,"1":2,"2":6,"3":6},"b":{"0":[5,1],"1":[1,1],"2":[6,1]},"_coverageSchema":"1a1c01bbd47fc00a2c39e90264f33305004495a9","hash":"b486e076712b619afa549bc7a07a7842b3f0b081"}
,"/home/jo/projects/uni/year3/gs1/mobile/gs/src/infrastructure/repositories/mock-conjunction-repository.ts": {"path":"/home/jo/projects/uni/year3/gs1/mobile/gs/src/infrastructure/repositories/mock-conjunction-repository.ts","statementMap":{"0":{"start":{"line":12,"column":15},"end":{"line":12,"column":86}},"1":{"start":{"line":13,"column":15},"end":{"line":13,"column":86}},"2":{"start":{"line":14,"column":15},"end":{"line":14,"column":86}},"3":{"start":{"line":15,"column":15},"end":{"line":15,"column":86}},"4":{"start":{"line":16,"column":15},"end":{"line":16,"column":86}},"5":{"start":{"line":17,"column":15},"end":{"line":17,"column":86}},"6":{"start":{"line":18,"column":15},"end":{"line":18,"column":86}},"7":{"start":{"line":19,"column":15},"end":{"line":19,"column":86}},"8":{"start":{"line":22,"column":2},"end":{"line":27,"column":4}},"9":{"start":{"line":30,"column":35},"end":{"line":52,"column":1}},"10":{"start":{"line":56,"column":4},"end":{"line":56,"column":17}},"11":{"start":{"line":60,"column":4},"end":{"line":60,"column":56}},"12":{"start":{"line":60,"column":32},"end":{"line":60,"column":55}}},"fnMap":{"0":{"name":"sat","decl":{"start":{"line":21,"column":9},"end":{"line":21,"column":12}},"loc":{"start":{"line":21,"column":90},"end":{"line":28,"column":1}},"line":21},"1":{"name":"(anonymous_1)","decl":{"start":{"line":55,"column":2},"end":{"line":55,"column":3}},"loc":{"start":{"line":55,"column":47},"end":{"line":57,"column":3}},"line":55},"2":{"name":"(anonymous_2)","decl":{"start":{"line":59,"column":2},"end":{"line":59,"column":3}},"loc":{"start":{"line":59,"column":72},"end":{"line":61,"column":3}},"line":59},"3":{"name":"(anonymous_3)","decl":{"start":{"line":60,"column":25},"end":{"line":60,"column":26}},"loc":{"start":{"line":60,"column":32},"end":{"line":60,"column":55}},"line":60}},"branchMap":{},"s":{"0":1,"1":1,"2":1,"3":1,"4":1,"5":1,"6":1,"7":1,"8":6,"9":1,"10":2,"11":2,"12":6},"f":{"0":6,"1":2,"2":2,"3":6},"b":{},"_coverageSchema":"1a1c01bbd47fc00a2c39e90264f33305004495a9","hash":"73471a6f7a52c8527f78daf2fdeafcbc8bd82bde"}
,"/home/jo/projects/uni/year3/gs1/mobile/gs/src/infrastructure/repositories/mock-satellite-repository.ts": {"path":"/home/jo/projects/uni/year3/gs1/mobile/gs/src/infrastructure/repositories/mock-satellite-repository.ts","statementMap":{"0":{"start":{"line":9,"column":4},"end":{"line":9,"column":38}}},"fnMap":{"0":{"name":"(anonymous_0)","decl":{"start":{"line":6,"column":2},"end":{"line":6,"column":3}},"loc":{"start":{"line":6,"column":56},"end":{"line":6,"column":58}},"line":6},"1":{"name":"(anonymous_1)","decl":{"start":{"line":8,"column":2},"end":{"line":8,"column":3}},"loc":{"start":{"line":8,"column":40},"end":{"line":10,"column":3}},"line":8}},"branchMap":{},"s":{"0":3},"f":{"0":3,"1":3},"b":{},"_coverageSchema":"1a1c01bbd47fc00a2c39e90264f33305004495a9","hash":"758ece82f62bf633e697784f51da9fdca4e2e210"}
,"/home/jo/projects/uni/year3/gs1/mobile/gs/src/presentation/hooks/use-hidden-trigger.ts": {"path":"/home/jo/projects/uni/year3/gs1/mobile/gs/src/presentation/hooks/use-hidden-trigger.ts","statementMap":{"0":{"start":{"line":15,"column":27},"end":{"line":15,"column":30}},"1":{"start":{"line":16,"column":27},"end":{"line":16,"column":30}},"2":{"start":{"line":25,"column":18},"end":{"line":25,"column":38}},"3":{"start":{"line":27,"column":16},"end":{"line":49,"column":3}},"4":{"start":{"line":30,"column":8},"end":{"line":30,"column":85}},"5":{"start":{"line":32,"column":6},"end":{"line":35,"column":7}},"6":{"start":{"line":33,"column":8},"end":{"line":33,"column":28}},"7":{"start":{"line":34,"column":8},"end":{"line":34,"column":14}},"8":{"start":{"line":37,"column":18},"end":{"line":37,"column":28}},"9":{"start":{"line":38,"column":6},"end":{"line":38,"column":31}},"10":{"start":{"line":41,"column":6},"end":{"line":41,"column":73}},"11":{"start":{"line":41,"column":54},"end":{"line":41,"column":72}},"12":{"start":{"line":43,"column":6},"end":{"line":46,"column":7}},"13":{"start":{"line":44,"column":8},"end":{"line":44,"column":28}},"14":{"start":{"line":45,"column":8},"end":{"line":45,"column":19}},"15":{"start":{"line":51,"column":2},"end":{"line":51,"column":18}}},"fnMap":{"0":{"name":"useHiddenTrigger","decl":{"start":{"line":18,"column":16},"end":{"line":18,"column":32}},"loc":{"start":{"line":24,"column":51},"end":{"line":52,"column":1}},"line":24},"1":{"name":"(anonymous_1)","decl":{"start":{"line":28,"column":4},"end":{"line":28,"column":5}},"loc":{"start":{"line":28,"column":30},"end":{"line":47,"column":5}},"line":28},"2":{"name":"(anonymous_2)","decl":{"start":{"line":41,"column":47},"end":{"line":41,"column":48}},"loc":{"start":{"line":41,"column":54},"end":{"line":41,"column":72}},"line":41}},"branchMap":{"0":{"loc":{"start":{"line":22,"column":2},"end":{"line":22,"column":18}},"type":"default-arg","locations":[{"start":{"line":22,"column":17},"end":{"line":22,"column":18}}],"line":22},"1":{"loc":{"start":{"line":23,"column":2},"end":{"line":23,"column":17}},"type":"default-arg","locations":[{"start":{"line":23,"column":13},"end":{"line":23,"column":17}}],"line":23},"2":{"loc":{"start":{"line":30,"column":8},"end":{"line":30,"column":85}},"type":"binary-expr","locations":[{"start":{"line":30,"column":8},"end":{"line":30,"column":44}},{"start":{"line":30,"column":48},"end":{"line":30,"column":85}}],"line":30},"3":{"loc":{"start":{"line":32,"column":6},"end":{"line":35,"column":7}},"type":"if","locations":[{"start":{"line":32,"column":6},"end":{"line":35,"column":7}},{"start":{},"end":{}}],"line":32},"4":{"loc":{"start":{"line":43,"column":6},"end":{"line":46,"column":7}},"type":"if","locations":[{"start":{"line":43,"column":6},"end":{"line":46,"column":7}},{"start":{},"end":{}}],"line":43}},"s":{"0":1,"1":1,"2":5,"3":5,"4":27,"5":27,"6":5,"7":5,"8":22,"9":22,"10":22,"11":64,"12":22,"13":3,"14":3,"15":5},"f":{"0":5,"1":27,"2":64},"b":{"0":[1],"1":[1],"2":[27,22],"3":[5,22],"4":[3,19]},"_coverageSchema":"1a1c01bbd47fc00a2c39e90264f33305004495a9","hash":"11aa79e08af8fbd00cda77cf45e92dc8aae7716c"}
,"/home/jo/projects/uni/year3/gs1/mobile/gs/src/presentation/hooks/use-orbital-loop.ts": {"path":"/home/jo/projects/uni/year3/gs1/mobile/gs/src/presentation/hooks/use-orbital-loop.ts","statementMap":{"0":{"start":{"line":7,"column":22},"end":{"line":7,"column":48}},"1":{"start":{"line":8,"column":2},"end":{"line":8,"column":42}},"2":{"start":{"line":10,"column":2},"end":{"line":15,"column":18}},"3":{"start":{"line":11,"column":15},"end":{"line":13,"column":18}},"4":{"start":{"line":12,"column":6},"end":{"line":12,"column":37}},"5":{"start":{"line":14,"column":4},"end":{"line":14,"column":34}},"6":{"start":{"line":14,"column":17},"end":{"line":14,"column":34}}},"fnMap":{"0":{"name":"useOrbitalLoop","decl":{"start":{"line":3,"column":16},"end":{"line":3,"column":30}},"loc":{"start":{"line":6,"column":8},"end":{"line":16,"column":1}},"line":6},"1":{"name":"(anonymous_1)","decl":{"start":{"line":10,"column":12},"end":{"line":10,"column":13}},"loc":{"start":{"line":10,"column":18},"end":{"line":15,"column":3}},"line":10},"2":{"name":"(anonymous_2)","decl":{"start":{"line":11,"column":27},"end":{"line":11,"column":28}},"loc":{"start":{"line":11,"column":33},"end":{"line":13,"column":5}},"line":11},"3":{"name":"(anonymous_3)","decl":{"start":{"line":14,"column":11},"end":{"line":14,"column":12}},"loc":{"start":{"line":14,"column":17},"end":{"line":14,"column":34}},"line":14}},"branchMap":{},"s":{"0":3,"1":3,"2":3,"3":3,"4":4,"5":3,"6":3},"f":{"0":3,"1":3,"2":4,"3":3},"b":{},"_coverageSchema":"1a1c01bbd47fc00a2c39e90264f33305004495a9","hash":"a7c205a1c914e0c613e8698f90d94117ef607c49"}
,"/home/jo/projects/uni/year3/gs1/mobile/gs/src/presentation/hooks/use-presentation-mode.ts": {"path":"/home/jo/projects/uni/year3/gs1/mobile/gs/src/presentation/hooks/use-presentation-mode.ts","statementMap":{"0":{"start":{"line":4,"column":20},"end":{"line":4,"column":39}},"1":{"start":{"line":12,"column":54},"end":{"line":14,"column":3}},"2":{"start":{"line":13,"column":10},"end":{"line":13,"column":52}},"3":{"start":{"line":16,"column":17},"end":{"line":22,"column":15}},"4":{"start":{"line":17,"column":4},"end":{"line":21,"column":6}},"5":{"start":{"line":18,"column":19},"end":{"line":18,"column":24}},"6":{"start":{"line":19,"column":6},"end":{"line":19,"column":36}},"7":{"start":{"line":20,"column":6},"end":{"line":20,"column":17}},"8":{"start":{"line":24,"column":2},"end":{"line":24,"column":39}}},"fnMap":{"0":{"name":"usePresentationMode","decl":{"start":{"line":11,"column":16},"end":{"line":11,"column":35}},"loc":{"start":{"line":11,"column":89},"end":{"line":25,"column":1}},"line":11},"1":{"name":"(anonymous_1)","decl":{"start":{"line":13,"column":4},"end":{"line":13,"column":5}},"loc":{"start":{"line":13,"column":10},"end":{"line":13,"column":52}},"line":13},"2":{"name":"(anonymous_2)","decl":{"start":{"line":16,"column":29},"end":{"line":16,"column":30}},"loc":{"start":{"line":16,"column":35},"end":{"line":22,"column":3}},"line":16},"3":{"name":"(anonymous_3)","decl":{"start":{"line":17,"column":26},"end":{"line":17,"column":27}},"loc":{"start":{"line":17,"column":36},"end":{"line":21,"column":5}},"line":17}},"branchMap":{"0":{"loc":{"start":{"line":13,"column":10},"end":{"line":13,"column":52}},"type":"binary-expr","locations":[{"start":{"line":13,"column":10},"end":{"line":13,"column":43}},{"start":{"line":13,"column":47},"end":{"line":13,"column":52}}],"line":13}},"s":{"0":1,"1":8,"2":5,"3":8,"4":3,"5":3,"6":3,"7":3,"8":8},"f":{"0":8,"1":5,"2":3,"3":3},"b":{"0":[5,1]},"_coverageSchema":"1a1c01bbd47fc00a2c39e90264f33305004495a9","hash":"8832a3f5672e971c4b97b0b28e121150866893c2"}
,"/home/jo/projects/uni/year3/gs1/mobile/gs/src/shared/utils/formatters.ts": {"path":"/home/jo/projects/uni/year3/gs1/mobile/gs/src/shared/utils/formatters.ts","statementMap":{"0":{"start":{"line":4,"column":2},"end":{"line":4,"column":34}},"1":{"start":{"line":8,"column":2},"end":{"line":8,"column":31}},"2":{"start":{"line":12,"column":2},"end":{"line":12,"column":31}}},"fnMap":{"0":{"name":"formatPc","decl":{"start":{"line":3,"column":16},"end":{"line":3,"column":24}},"loc":{"start":{"line":3,"column":61},"end":{"line":5,"column":1}},"line":3},"1":{"name":"formatDistance","decl":{"start":{"line":7,"column":16},"end":{"line":7,"column":30}},"loc":{"start":{"line":7,"column":59},"end":{"line":9,"column":1}},"line":7},"2":{"name":"formatTcpa","decl":{"start":{"line":11,"column":16},"end":{"line":11,"column":26}},"loc":{"start":{"line":11,"column":64},"end":{"line":13,"column":1}},"line":11}},"branchMap":{},"s":{"0":2,"1":2,"2":1},"f":{"0":2,"1":2,"2":1},"b":{},"_coverageSchema":"1a1c01bbd47fc00a2c39e90264f33305004495a9","hash":"e2af335eedb0cc78292b53cbf7ba1b09cf784a59"}
}
