TN:
SF:src/application/stores/use-alert-store.ts
FN:19,(anonymous_0)
FN:24,(anonymous_1)
FN:29,(anonymous_2)
FN:34,(anonymous_3)
FN:36,(anonymous_4)
FN:42,(anonymous_5)
FN:49,(anonymous_6)
FN:53,(anonymous_7)
FNF:8
FNH:8
FNDA:1,(anonymous_0)
FNDA:4,(anonymous_1)
FNDA:1,(anonymous_2)
FNDA:3,(anonymous_3)
FNDA:3,(anonymous_4)
FNDA:1,(anonymous_5)
FNDA:1,(anonymous_6)
FNDA:5,(anonymous_7)
DA:19,1
DA:25,4
DA:26,4
DA:30,1
DA:31,1
DA:35,3
DA:36,3
DA:37,3
DA:38,3
DA:39,3
DA:43,1
DA:44,1
DA:45,1
DA:46,1
DA:50,1
DA:54,5
LF:16
LH:16
BRDA:37,0,0,3
BRDA:37,0,1,0
BRDA:38,1,0,0
BRDA:38,1,1,3
BRDA:44,2,0,0
BRDA:44,2,1,1
BRF:6
BRH:3
end_of_record
TN:
SF:src/application/stores/use-orbital-store.ts
FN:15,(anonymous_0)
FN:20,(anonymous_1)
FN:26,(anonymous_2)
FN:32,(anonymous_3)
FNF:4
FNH:4
FNDA:1,(anonymous_0)
FNDA:3,(anonymous_1)
FNDA:1,(anonymous_2)
FNDA:3,(anonymous_3)
DA:15,1
DA:21,3
DA:22,3
DA:23,3
DA:27,1
DA:28,1
DA:29,1
DA:33,3
LF:8
LH:8
BRF:0
BRH:0
end_of_record
TN:
SF:src/domain/entities/conjunction-event.ts
FN:7,(anonymous_0)
FN:17,(anonymous_1)
FN:33,(anonymous_2)
FNF:3
FNH:3
FNDA:39,(anonymous_0)
FNDA:39,(anonymous_1)
FNDA:2,(anonymous_2)
DA:14,39
DA:24,39
DA:34,2
LF:3
LH:3
BRDA:14,0,0,32
BRDA:14,0,1,7
BRF:2
BRH:2
end_of_record
TN:
SF:src/domain/entities/orbital-alert.ts
FN:6,(anonymous_0)
FN:13,(anonymous_1)
FN:22,(anonymous_2)
FN:31,(anonymous_3)
FN:35,(anonymous_4)
FNF:5
FNH:5
FNDA:37,(anonymous_0)
FNDA:21,(anonymous_1)
FNDA:4,(anonymous_2)
FNDA:10,(anonymous_3)
FNDA:2,(anonymous_4)
DA:14,21
DA:28,4
DA:32,10
DA:36,2
LF:4
LH:4
BRF:0
BRH:0
end_of_record
TN:
SF:src/domain/entities/satellite-object.ts
FN:10,(anonymous_0)
FN:17,(anonymous_1)
FNF:2
FNH:2
FNDA:316,(anonymous_0)
FNDA:318,(anonymous_1)
DA:23,318
DA:24,2
DA:26,316
LF:3
LH:3
BRDA:23,0,0,2
BRDA:23,0,1,316
BRF:2
BRH:2
end_of_record
TN:
SF:src/domain/usecases/acknowledge-alert.ts
FN:6,(anonymous_0)
FN:11,(anonymous_1)
FNF:2
FNH:2
FNDA:4,(anonymous_0)
FNDA:4,(anonymous_1)
DA:12,4
DA:13,4
DA:14,4
DA:15,4
LF:4
LH:4
BRF:0
BRH:0
end_of_record
TN:
SF:src/domain/usecases/classify-risk.ts
FN:4,(anonymous_0)
FNF:1
FNH:1
FNDA:7,(anonymous_0)
DA:5,7
DA:6,5
LF:2
LH:2
BRDA:5,0,0,2
BRDA:5,0,1,5
BRF:2
BRH:2
end_of_record
TN:
SF:src/domain/usecases/detect-conjunctions.ts
FN:19,toRadians
FN:23,distanceKm
FN:39,pcFromDistance
FN:47,tcpaFromNow
FN:53,(anonymous_4)
FN:90,(anonymous_5)
FNF:6
FNH:6
FNDA:39,toRadians
FNDA:13,distanceKm
FNDA:9,pcFromDistance
FNDA:9,tcpaFromNow
FNDA:8,(anonymous_4)
FNDA:9,(anonymous_5)
DA:10,1
DA:11,1
DA:13,1
DA:20,39
DA:24,13
DA:25,13
DA:26,13
DA:27,13
DA:28,13
DA:31,13
DA:34,13
DA:36,13
DA:41,9
DA:42,9
DA:43,4
DA:44,4
DA:48,9
DA:49,9
DA:57,8
DA:59,6
DA:60,6
DA:61,15
DA:64,6
DA:66,6
DA:67,9
DA:68,13
DA:69,13
DA:70,13
DA:72,13
DA:74,10
DA:75,10
DA:76,10
DA:78,9
DA:79,9
DA:80,9
DA:81,9
DA:83,9
DA:89,6
DA:90,9
LF:39
LH:39
BRDA:42,0,0,5
BRDA:42,0,1,4
BRDA:43,1,0,0
BRDA:43,1,1,4
BRDA:57,2,0,2
BRDA:57,2,1,6
BRDA:72,3,0,3
BRDA:72,3,1,10
BRDA:76,4,0,1
BRDA:76,4,1,9
BRDA:76,5,0,10
BRDA:76,5,1,10
BRF:12
BRH:11
end_of_record
TN:
SF:src/domain/usecases/propagate-orbits.ts
FN:13,(anonymous_0)
FN:15,(anonymous_1)
FNF:2
FNH:2
FNDA:5,(anonymous_0)
FNDA:5,(anonymous_1)
DA:16,5
DA:18,5
DA:19,6
DA:20,6
DA:21,2
DA:25,5
LF:6
LH:6
BRDA:20,0,0,2
BRDA:20,0,1,4
BRF:2
BRH:2
end_of_record
TN:
SF:src/domain/value-objects/miss-distance.ts
FN:2,(anonymous_0)
FN:4,(anonymous_1)
FN:9,(anonymous_2)
FN:13,(anonymous_3)
FN:17,(anonymous_4)
FNF:5
FNH:5
FNDA:57,(anonymous_0)
FNDA:58,(anonymous_1)
FNDA:2,(anonymous_2)
FNDA:48,(anonymous_3)
FNDA:5,(anonymous_4)
DA:5,58
DA:6,57
DA:10,2
DA:14,48
DA:18,5
DA:19,3
LF:6
LH:6
BRDA:5,0,0,1
BRDA:5,0,1,57
BRDA:18,1,0,2
BRDA:18,1,1,3
BRF:4
BRH:4
end_of_record
TN:
SF:src/domain/value-objects/norad-id.ts
FN:2,(anonymous_0)
FN:4,(anonymous_1)
FN:11,(anonymous_2)
FN:15,(anonymous_3)
FNF:4
FNH:4
FNDA:348,(anonymous_0)
FNDA:351,(anonymous_1)
FNDA:1,(anonymous_2)
FNDA:2,(anonymous_3)
DA:5,351
DA:6,3
DA:8,348
DA:12,1
DA:16,2
LF:5
LH:5
BRDA:5,0,0,3
BRDA:5,0,1,348
BRDA:5,1,0,351
BRDA:5,1,1,350
BRF:4
BRH:4
end_of_record
TN:
SF:src/domain/value-objects/probability-of-collision.ts
FN:9,(anonymous_0)
FN:11,(anonymous_1)
FN:18,(anonymous_2)
FN:22,(anonymous_3)
FN:28,(anonymous_4)
FN:32,(anonymous_5)
FNF:6
FNH:6
FNDA:60,(anonymous_0)
FNDA:62,(anonymous_1)
FNDA:3,(anonymous_2)
FNDA:16,(anonymous_3)
FNDA:4,(anonymous_4)
FNDA:7,(anonymous_5)
DA:3,16
DA:12,62
DA:13,2
DA:15,60
DA:19,3
DA:23,16
DA:24,14
DA:25,9
DA:29,4
DA:30,4
DA:31,4
DA:32,7
DA:33,4
LF:13
LH:13
BRDA:12,0,0,2
BRDA:12,0,1,60
BRDA:12,1,0,62
BRDA:12,1,1,61
BRDA:23,2,0,2
BRDA:23,2,1,14
BRDA:24,3,0,5
BRDA:24,3,1,9
BRDA:32,4,0,7
BRDA:32,4,1,0
BRF:10
BRH:9
end_of_record
TN:
SF:src/domain/value-objects/time-to-closest-approach.ts
FN:4,(anonymous_0)
FN:6,(anonymous_1)
FN:10,(anonymous_2)
FN:15,(anonymous_3)
FN:22,(anonymous_4)
FNF:5
FNH:5
FNDA:48,(anonymous_0)
FNDA:48,(anonymous_1)
FNDA:5,(anonymous_2)
FNDA:3,(anonymous_3)
FNDA:1,(anonymous_4)
DA:1,15
DA:7,48
DA:11,5
DA:12,5
DA:16,3
DA:17,3
DA:18,3
DA:19,3
DA:23,1
DA:24,1
DA:25,1
LF:11
LH:11
BRF:0
BRH:0
end_of_record
TN:
SF:src/domain/value-objects/tle-data.ts
FN:2,(anonymous_0)
FN:7,(anonymous_1)
FN:13,(anonymous_2)
FNF:3
FNH:3
FNDA:326,(anonymous_0)
FNDA:328,(anonymous_1)
FNDA:3,(anonymous_2)
DA:8,328
DA:9,327
DA:10,326
DA:14,3
DA:15,3
DA:16,3
DA:17,3
DA:18,3
DA:19,3
DA:20,3
DA:21,3
DA:22,3
LF:12
LH:12
BRDA:8,0,0,1
BRDA:8,0,1,327
BRDA:9,1,0,1
BRDA:9,1,1,326
BRDA:17,2,0,1
BRDA:17,2,1,2
BRF:6
BRH:6
end_of_record
TN:
SF:src/infrastructure/adapters/satellite-js-adapter.ts
FN:14,(anonymous_0)
FNF:1
FNH:1
FNDA:7,(anonymous_0)
DA:11,1
DA:15,7
DA:16,7
DA:17,7
DA:19,5
DA:20,5
DA:21,5
DA:23,5
DA:24,5
DA:26,5
DA:33,0
LF:11
LH:10
BRDA:17,0,0,2
BRDA:17,0,1,5
BRDA:21,1,0,0
BRDA:21,1,1,5
BRDA:21,2,0,5
BRDA:21,2,1,5
BRF:6
BRH:5
end_of_record
TN:
SF:src/infrastructure/gateways/mock-tle-gateway.ts
FN:14,(anonymous_0)
FN:17,(anonymous_1)
FNF:2
FNH:2
FNDA:5,(anonymous_0)
FNDA:225,(anonymous_1)
DA:7,1
DA:15,5
DA:17,5
DA:18,225
DA:19,225
DA:25,225
DA:29,225
LF:7
LH:7
BRDA:22,0,0,225
BRDA:22,0,1,0
BRF:2
BRH:1
end_of_record
TN:
SF:src/infrastructure/persistence/sqlite-alert-history-repository.ts
FN:15,rowToAlert
FN:20,(anonymous_1)
FN:48,(anonymous_2)
FN:50,(anonymous_3)
FN:63,(anonymous_4)
FN:68,(anonymous_5)
FN:74,(anonymous_6)
FN:76,(anonymous_7)
FNF:8
FNH:8
FNDA:5,rowToAlert
FNDA:8,(anonymous_1)
FNDA:6,(anonymous_2)
FNDA:2,(anonymous_3)
FNDA:4,(anonymous_4)
FNDA:5,(anonymous_5)
FNDA:1,(anonymous_6)
FNDA:2,(anonymous_7)
DA:16,5
DA:18,5
DA:20,4
DA:21,8
DA:28,4
DA:36,4
DA:43,1
DA:51,2
DA:52,2
DA:64,4
DA:65,4
DA:68,4
DA:69,5
DA:70,5
DA:75,1
DA:76,2
LF:16
LH:16
BRDA:70,0,0,4
BRDA:70,0,1,1
BRF:2
BRH:2
end_of_record
TN:
SF:src/infrastructure/persistence/sqlite-service.ts
FN:25,(anonymous_0)
FN:32,(anonymous_1)
FN:37,(anonymous_2)
FN:41,(anonymous_3)
FNF:4
FNH:4
FNDA:6,(anonymous_0)
FNDA:2,(anonymous_1)
FNDA:6,(anonymous_2)
FNDA:6,(anonymous_3)
DA:8,1
DA:23,6
DA:26,6
DA:27,5
DA:29,6
DA:33,2
DA:34,1
DA:38,6
DA:39,6
DA:41,6
DA:42,6
DA:43,6
DA:44,6
LF:13
LH:13
BRDA:26,0,0,5
BRDA:26,0,1,1
BRDA:33,1,0,1
BRDA:33,1,1,1
BRDA:39,2,0,6
BRDA:39,2,1,1
BRF:6
BRH:6
end_of_record
TN:
SF:src/infrastructure/repositories/mock-conjunction-repository.ts
FN:21,sat
FN:55,(anonymous_1)
FN:59,(anonymous_2)
FN:60,(anonymous_3)
FNF:4
FNH:4
FNDA:6,sat
FNDA:2,(anonymous_1)
FNDA:2,(anonymous_2)
FNDA:6,(anonymous_3)
DA:12,1
DA:13,1
DA:14,1
DA:15,1
DA:16,1
DA:17,1
DA:18,1
DA:19,1
DA:22,6
DA:30,1
DA:56,2
DA:60,6
LF:12
LH:12
BRF:0
BRH:0
end_of_record
TN:
SF:src/infrastructure/repositories/mock-satellite-repository.ts
FN:6,(anonymous_0)
FN:8,(anonymous_1)
FNF:2
FNH:2
FNDA:3,(anonymous_0)
FNDA:3,(anonymous_1)
DA:9,3
LF:1
LH:1
BRF:0
BRH:0
end_of_record
TN:
SF:src/presentation/hooks/use-hidden-trigger.ts
FN:18,useHiddenTrigger
FN:28,(anonymous_1)
FN:41,(anonymous_2)
FNF:3
FNH:3
FNDA:5,useHiddenTrigger
FNDA:27,(anonymous_1)
FNDA:64,(anonymous_2)
DA:15,1
DA:16,1
DA:25,5
DA:27,5
DA:30,27
DA:32,27
DA:33,5
DA:34,5
DA:37,22
DA:38,22
DA:41,64
DA:43,22
DA:44,3
DA:45,3
DA:51,5
LF:15
LH:15
BRDA:22,0,0,1
BRDA:23,1,0,1
BRDA:30,2,0,27
BRDA:30,2,1,22
BRDA:32,3,0,5
BRDA:32,3,1,22
BRDA:43,4,0,3
BRDA:43,4,1,19
BRF:8
BRH:8
end_of_record
TN:
SF:src/presentation/hooks/use-orbital-loop.ts
FN:3,useOrbitalLoop
FN:10,(anonymous_1)
FN:11,(anonymous_2)
FN:14,(anonymous_3)
FNF:4
FNH:4
FNDA:3,useOrbitalLoop
FNDA:3,(anonymous_1)
FNDA:4,(anonymous_2)
FNDA:3,(anonymous_3)
DA:7,3
DA:8,3
DA:10,3
DA:11,3
DA:12,4
DA:14,3
LF:6
LH:6
BRF:0
BRH:0
end_of_record
TN:
SF:src/presentation/hooks/use-presentation-mode.ts
FN:11,usePresentationMode
FN:13,(anonymous_1)
FN:16,(anonymous_2)
FN:17,(anonymous_3)
FNF:4
FNH:4
FNDA:8,usePresentationMode
FNDA:5,(anonymous_1)
FNDA:3,(anonymous_2)
FNDA:3,(anonymous_3)
DA:4,1
DA:12,8
DA:13,5
DA:16,8
DA:17,3
DA:18,3
DA:19,3
DA:20,3
DA:24,8
LF:9
LH:9
BRDA:13,0,0,5
BRDA:13,0,1,1
BRF:2
BRH:2
end_of_record
TN:
SF:src/shared/utils/formatters.ts
FN:3,formatPc
FN:7,formatDistance
FN:11,formatTcpa
FNF:3
FNH:3
FNDA:2,formatPc
FNDA:2,formatDistance
FNDA:1,formatTcpa
DA:4,2
DA:8,2
DA:12,1
LF:3
LH:3
BRF:0
BRH:0
end_of_record
